#
# There is insufficient memory for the Java Runtime Environment to continue.
# Native memory allocation (malloc) failed to allocate 32744 bytes for ChunkPool::allocate
# Possible reasons:
#   The system is out of physical RAM or swap space
#   The process is running with CompressedOops enabled, and the Java Heap may be blocking the growth of the native heap
# Possible solutions:
#   Reduce memory load on the system
#   Increase physical memory or swap space
#   Check if swap backing store is full
#   Decrease Java heap size (-Xmx/-Xms)
#   Decrease number of Java threads
#   Decrease Java thread stack sizes (-Xss)
#   Set larger code cache with -XX:ReservedCodeCacheSize=
#   JVM is running with Unscaled Compressed Oops mode in which the Java heap is
#     placed in the first 4GB address space. The Java Heap base address is the
#     maximum limit for the native heap growth. Please use -XX:HeapBaseMinAddress
#     to set the Java Heap base and to place the Java Heap above 4GB virtual address.
# This output file may be truncated or incomplete.
#
#  Out of Memory Error (arena.cpp:78), pid=25952, tid=31544
#
# JRE version: OpenJDK Runtime Environment Temurin-17.0.1+12 (17.0.1+12) (build 17.0.1+12)
# Java VM: OpenJDK 64-Bit Server VM Temurin-17.0.1+12 (17.0.1+12, mixed mode, tiered, compressed oops, compressed class ptrs, g1 gc, windows-amd64)
# No core dump will be written. Minidumps are not enabled by default on client versions of Windows
#

---------------  S U M M A R Y ------------

Command Line: -XX:+ShowCodeDetailsInExceptionMessages -agentlib:jdwp=transport=dt_socket,suspend=y,address=localhost:56232 -javaagent:C:\Users\ma\eclipse\java-2021-09\eclipse\configuration\org.eclipse.osgi\222\0\.cp\lib\javaagent-shaded.jar -Dfile.encoding=Cp1252 GUI_Panels.MainPanel

Host: Intel(R) Core(TM) i5-10300H CPU @ 2.50GHz, 8 cores, 7G,  Windows 10 , 64 bit Build 22000 (10.0.22000.434)
Time: Sat Feb  5 02:21:59 2022 Nepal Standard Time elapsed time: 1.515692 seconds (0d 0h 0m 1s)

---------------  T H R E A D  ---------------

Current thread (0x000002017c916a40):  JavaThread "C1 CompilerThread0" daemon [_thread_in_native, id=31544, stack(0x000000987e800000,0x000000987e900000)]


Current CompileTask:
C1:   1515  779       3       org.eclipse.jdt.launching.internal.org.objectweb.asm.ClassReader::accept (1404 bytes)

Stack: [0x000000987e800000,0x000000987e900000]
Native frames: (J=compiled Java code, j=interpreted, Vv=VM code, C=native code)
V  [jvm.dll+0x6744da]
V  [jvm.dll+0x82e144]
V  [jvm.dll+0x82f8ee]
V  [jvm.dll+0x82ff53]
V  [jvm.dll+0x245175]
V  [jvm.dll+0xabaa0]
V  [jvm.dll+0xabdec]
V  [jvm.dll+0x661503]
V  [jvm.dll+0x179ac0]
V  [jvm.dll+0x176dfe]
V  [jvm.dll+0x1771aa]
V  [jvm.dll+0x17a2e3]
V  [jvm.dll+0x1342b3]
V  [jvm.dll+0x133baf]
V  [jvm.dll+0x133de6]
V  [jvm.dll+0x13327a]
V  [jvm.dll+0x134f41]
V  [jvm.dll+0x226e38]
V  [jvm.dll+0x224f7c]
V  [jvm.dll+0x7e3f5b]
V  [jvm.dll+0x7de51a]
V  [jvm.dll+0x673305]
C  [ucrtbase.dll+0x26c0c]
C  [KERNEL32.DLL+0x154e0]
C  [ntdll.dll+0x485b]


---------------  P R O C E S S  ---------------

Threads class SMR info:
_java_thread_list=0x000002017d1e51e0, length=16, elements={
0x00000201710523e0, 0x000002017befa610, 0x000002017befb500, 0x000002017bf509e0,
0x000002017c910450, 0x000002017c910e00, 0x000002017c9152c0, 0x000002017c915fa0,
0x000002017c916a40, 0x000002017c917c10, 0x000002017ca92000, 0x000002017cc37ff0,
0x000002017cbae250, 0x000002017cbae740, 0x000002017ccfb970, 0x0000020171053060
}

Java Threads: ( => current thread )
  0x00000201710523e0 JavaThread "main" [_thread_in_vm, id=28352, stack(0x000000987da00000,0x000000987db00000)]
  0x000002017befa610 JavaThread "Reference Handler" daemon [_thread_blocked, id=21152, stack(0x000000987e100000,0x000000987e200000)]
  0x000002017befb500 JavaThread "Finalizer" daemon [_thread_blocked, id=18244, stack(0x000000987e200000,0x000000987e300000)]
  0x000002017bf509e0 JavaThread "Signal Dispatcher" daemon [_thread_blocked, id=23832, stack(0x000000987e300000,0x000000987e400000)]
  0x000002017c910450 JavaThread "Attach Listener" daemon [_thread_blocked, id=23020, stack(0x000000987e400000,0x000000987e500000)]
  0x000002017c910e00 JavaThread "Service Thread" daemon [_thread_blocked, id=27744, stack(0x000000987e500000,0x000000987e600000)]
  0x000002017c9152c0 JavaThread "Monitor Deflation Thread" daemon [_thread_blocked, id=31860, stack(0x000000987e600000,0x000000987e700000)]
  0x000002017c915fa0 JavaThread "C2 CompilerThread0" daemon [_thread_in_native, id=7220, stack(0x000000987e700000,0x000000987e800000)]
=>0x000002017c916a40 JavaThread "C1 CompilerThread0" daemon [_thread_in_native, id=31544, stack(0x000000987e800000,0x000000987e900000)]
  0x000002017c917c10 JavaThread "Sweeper thread" daemon [_thread_blocked, id=6640, stack(0x000000987e900000,0x000000987ea00000)]
  0x000002017ca92000 JavaThread "Common-Cleaner" daemon [_thread_blocked, id=17672, stack(0x000000987ea00000,0x000000987eb00000)]
  0x000002017cc37ff0 JavaThread "JDWP Transport Listener: dt_socket" daemon [_thread_blocked, id=31148, stack(0x000000987eb00000,0x000000987ec00000)]
  0x000002017cbae250 JavaThread "JDWP Event Helper Thread" daemon [_thread_blocked, id=28716, stack(0x000000987ec00000,0x000000987ed00000)]
  0x000002017cbae740 JavaThread "JDWP Command Reader" daemon [_thread_in_native, id=3652, stack(0x000000987ed00000,0x000000987ee00000)]
  0x000002017ccfb970 JavaThread "Notification Thread" daemon [_thread_blocked, id=16284, stack(0x000000987ee00000,0x000000987ef00000)]
  0x0000020171053060 JavaThread "mysql-cj-abandoned-connection-cleanup" daemon [_thread_blocked, id=21800, stack(0x000000987f000000,0x000000987f100000)]

Other Threads:
  0x000002017bef2f40 VMThread "VM Thread" [stack: 0x000000987e000000,0x000000987e100000] [id=12204]
  0x00000201710ac570 WatcherThread [stack: 0x000000987ef00000,0x000000987f000000] [id=12252]
  0x000002017108fc40 GCTaskThread "GC Thread#0" [stack: 0x000000987db00000,0x000000987dc00000] [id=724]
  0x00000201710a0e20 ConcurrentGCThread "G1 Main Marker" [stack: 0x000000987dc00000,0x000000987dd00000] [id=12108]
  0x00000201710a1830 ConcurrentGCThread "G1 Conc#0" [stack: 0x000000987dd00000,0x000000987de00000] [id=28948]
  0x000002017bd70090 ConcurrentGCThread "G1 Refine#0" [stack: 0x000000987de00000,0x000000987df00000] [id=26636]
  0x000002017bd71ac0 ConcurrentGCThread "G1 Service" [stack: 0x000000987df00000,0x000000987e000000] [id=10576]

Threads with active compile tasks:
C2 CompilerThread0     1547  757 %     4       org.eclipse.jdt.launching.internal.org.objectweb.asm.ClassReader::readCode @ 1631 (5109 bytes)
C1 CompilerThread0     1547  779       3       org.eclipse.jdt.launching.internal.org.objectweb.asm.ClassReader::accept (1404 bytes)

VM state: not at safepoint (normal execution)

VM Mutex/Monitor currently owned by a thread: None

Heap address: 0x0000000082800000, size: 2008 MB, Compressed Oops mode: 32-bit

CDS archive(s) not mapped
Compressed class space mapped at: 0x0000000100000000-0x0000000140000000, reserved size: 1073741824
Narrow klass base: 0x0000000000000000, Narrow klass shift: 3, Narrow klass range: 0x140000000

GC Precious Log:
 CPUs: 8 total, 8 available
 Memory: 8029M
 Large Page Support: Disabled
 NUMA Support: Disabled
 Compressed Oops: Enabled (32-bit)
 Heap Region Size: 1M
 Heap Min Capacity: 8M
 Heap Initial Capacity: 126M
 Heap Max Capacity: 2008M
 Pre-touch: Disabled
 Parallel Workers: 8
 Concurrent Workers: 2
 Concurrent Refinement Workers: 8
 Periodic GC: Disabled

Heap:
 garbage-first heap   total 129024K, used 20480K [0x0000000082800000, 0x0000000100000000)
  region size 1024K, 22 young (22528K), 0 survivors (0K)
 Metaspace       used 13033K, committed 13184K, reserved 1064960K
  class space    used 1143K, committed 1216K, reserved 1048576K

Heap Regions: E=young(eden), S=young(survivor), O=old, HS=humongous(starts), HC=humongous(continues), CS=collection set, F=free, OA=open archive, CA=closed archive, TAMS=top-at-mark-start (previous, next)
|   0|0x0000000082800000, 0x0000000082800000, 0x0000000082900000|  0%| F|  |TAMS 0x0000000082800000, 0x0000000082800000| Untracked 
|   1|0x0000000082900000, 0x0000000082900000, 0x0000000082a00000|  0%| F|  |TAMS 0x0000000082900000, 0x0000000082900000| Untracked 
|   2|0x0000000082a00000, 0x0000000082a00000, 0x0000000082b00000|  0%| F|  |TAMS 0x0000000082a00000, 0x0000000082a00000| Untracked 
|   3|0x0000000082b00000, 0x0000000082b00000, 0x0000000082c00000|  0%| F|  |TAMS 0x0000000082b00000, 0x0000000082b00000| Untracked 
|   4|0x0000000082c00000, 0x0000000082c00000, 0x0000000082d00000|  0%| F|  |TAMS 0x0000000082c00000, 0x0000000082c00000| Untracked 
|   5|0x0000000082d00000, 0x0000000082d00000, 0x0000000082e00000|  0%| F|  |TAMS 0x0000000082d00000, 0x0000000082d00000| Untracked 
|   6|0x0000000082e00000, 0x0000000082e00000, 0x0000000082f00000|  0%| F|  |TAMS 0x0000000082e00000, 0x0000000082e00000| Untracked 
|   7|0x0000000082f00000, 0x0000000082f00000, 0x0000000083000000|  0%| F|  |TAMS 0x0000000082f00000, 0x0000000082f00000| Untracked 
|   8|0x0000000083000000, 0x0000000083000000, 0x0000000083100000|  0%| F|  |TAMS 0x0000000083000000, 0x0000000083000000| Untracked 
|   9|0x0000000083100000, 0x0000000083100000, 0x0000000083200000|  0%| F|  |TAMS 0x0000000083100000, 0x0000000083100000| Untracked 
|  10|0x0000000083200000, 0x0000000083200000, 0x0000000083300000|  0%| F|  |TAMS 0x0000000083200000, 0x0000000083200000| Untracked 
|  11|0x0000000083300000, 0x0000000083300000, 0x0000000083400000|  0%| F|  |TAMS 0x0000000083300000, 0x0000000083300000| Untracked 
|  12|0x0000000083400000, 0x0000000083400000, 0x0000000083500000|  0%| F|  |TAMS 0x0000000083400000, 0x0000000083400000| Untracked 
|  13|0x0000000083500000, 0x0000000083500000, 0x0000000083600000|  0%| F|  |TAMS 0x0000000083500000, 0x0000000083500000| Untracked 
|  14|0x0000000083600000, 0x0000000083600000, 0x0000000083700000|  0%| F|  |TAMS 0x0000000083600000, 0x0000000083600000| Untracked 
|  15|0x0000000083700000, 0x0000000083700000, 0x0000000083800000|  0%| F|  |TAMS 0x0000000083700000, 0x0000000083700000| Untracked 
|  16|0x0000000083800000, 0x0000000083800000, 0x0000000083900000|  0%| F|  |TAMS 0x0000000083800000, 0x0000000083800000| Untracked 
|  17|0x0000000083900000, 0x0000000083900000, 0x0000000083a00000|  0%| F|  |TAMS 0x0000000083900000, 0x0000000083900000| Untracked 
|  18|0x0000000083a00000, 0x0000000083a00000, 0x0000000083b00000|  0%| F|  |TAMS 0x0000000083a00000, 0x0000000083a00000| Untracked 
|  19|0x0000000083b00000, 0x0000000083b00000, 0x0000000083c00000|  0%| F|  |TAMS 0x0000000083b00000, 0x0000000083b00000| Untracked 
|  20|0x0000000083c00000, 0x0000000083c00000, 0x0000000083d00000|  0%| F|  |TAMS 0x0000000083c00000, 0x0000000083c00000| Untracked 
|  21|0x0000000083d00000, 0x0000000083d00000, 0x0000000083e00000|  0%| F|  |TAMS 0x0000000083d00000, 0x0000000083d00000| Untracked 
|  22|0x0000000083e00000, 0x0000000083e00000, 0x0000000083f00000|  0%| F|  |TAMS 0x0000000083e00000, 0x0000000083e00000| Untracked 
|  23|0x0000000083f00000, 0x0000000083f00000, 0x0000000084000000|  0%| F|  |TAMS 0x0000000083f00000, 0x0000000083f00000| Untracked 
|  24|0x0000000084000000, 0x0000000084000000, 0x0000000084100000|  0%| F|  |TAMS 0x0000000084000000, 0x0000000084000000| Untracked 
|  25|0x0000000084100000, 0x0000000084100000, 0x0000000084200000|  0%| F|  |TAMS 0x0000000084100000, 0x0000000084100000| Untracked 
|  26|0x0000000084200000, 0x0000000084200000, 0x0000000084300000|  0%| F|  |TAMS 0x0000000084200000, 0x0000000084200000| Untracked 
|  27|0x0000000084300000, 0x0000000084300000, 0x0000000084400000|  0%| F|  |TAMS 0x0000000084300000, 0x0000000084300000| Untracked 
|  28|0x0000000084400000, 0x0000000084400000, 0x0000000084500000|  0%| F|  |TAMS 0x0000000084400000, 0x0000000084400000| Untracked 
|  29|0x0000000084500000, 0x0000000084500000, 0x0000000084600000|  0%| F|  |TAMS 0x0000000084500000, 0x0000000084500000| Untracked 
|  30|0x0000000084600000, 0x0000000084600000, 0x0000000084700000|  0%| F|  |TAMS 0x0000000084600000, 0x0000000084600000| Untracked 
|  31|0x0000000084700000, 0x0000000084700000, 0x0000000084800000|  0%| F|  |TAMS 0x0000000084700000, 0x0000000084700000| Untracked 
|  32|0x0000000084800000, 0x0000000084800000, 0x0000000084900000|  0%| F|  |TAMS 0x0000000084800000, 0x0000000084800000| Untracked 
|  33|0x0000000084900000, 0x0000000084900000, 0x0000000084a00000|  0%| F|  |TAMS 0x0000000084900000, 0x0000000084900000| Untracked 
|  34|0x0000000084a00000, 0x0000000084a00000, 0x0000000084b00000|  0%| F|  |TAMS 0x0000000084a00000, 0x0000000084a00000| Untracked 
|  35|0x0000000084b00000, 0x0000000084b00000, 0x0000000084c00000|  0%| F|  |TAMS 0x0000000084b00000, 0x0000000084b00000| Untracked 
|  36|0x0000000084c00000, 0x0000000084c00000, 0x0000000084d00000|  0%| F|  |TAMS 0x0000000084c00000, 0x0000000084c00000| Untracked 
|  37|0x0000000084d00000, 0x0000000084d00000, 0x0000000084e00000|  0%| F|  |TAMS 0x0000000084d00000, 0x0000000084d00000| Untracked 
|  38|0x0000000084e00000, 0x0000000084e00000, 0x0000000084f00000|  0%| F|  |TAMS 0x0000000084e00000, 0x0000000084e00000| Untracked 
|  39|0x0000000084f00000, 0x0000000084f00000, 0x0000000085000000|  0%| F|  |TAMS 0x0000000084f00000, 0x0000000084f00000| Untracked 
|  40|0x0000000085000000, 0x0000000085000000, 0x0000000085100000|  0%| F|  |TAMS 0x0000000085000000, 0x0000000085000000| Untracked 
|  41|0x0000000085100000, 0x0000000085100000, 0x0000000085200000|  0%| F|  |TAMS 0x0000000085100000, 0x0000000085100000| Untracked 
|  42|0x0000000085200000, 0x0000000085200000, 0x0000000085300000|  0%| F|  |TAMS 0x0000000085200000, 0x0000000085200000| Untracked 
|  43|0x0000000085300000, 0x0000000085300000, 0x0000000085400000|  0%| F|  |TAMS 0x0000000085300000, 0x0000000085300000| Untracked 
|  44|0x0000000085400000, 0x0000000085400000, 0x0000000085500000|  0%| F|  |TAMS 0x0000000085400000, 0x0000000085400000| Untracked 
|  45|0x0000000085500000, 0x0000000085500000, 0x0000000085600000|  0%| F|  |TAMS 0x0000000085500000, 0x0000000085500000| Untracked 
|  46|0x0000000085600000, 0x0000000085600000, 0x0000000085700000|  0%| F|  |TAMS 0x0000000085600000, 0x0000000085600000| Untracked 
|  47|0x0000000085700000, 0x0000000085700000, 0x0000000085800000|  0%| F|  |TAMS 0x0000000085700000, 0x0000000085700000| Untracked 
|  48|0x0000000085800000, 0x0000000085800000, 0x0000000085900000|  0%| F|  |TAMS 0x0000000085800000, 0x0000000085800000| Untracked 
|  49|0x0000000085900000, 0x0000000085900000, 0x0000000085a00000|  0%| F|  |TAMS 0x0000000085900000, 0x0000000085900000| Untracked 
|  50|0x0000000085a00000, 0x0000000085a00000, 0x0000000085b00000|  0%| F|  |TAMS 0x0000000085a00000, 0x0000000085a00000| Untracked 
|  51|0x0000000085b00000, 0x0000000085b00000, 0x0000000085c00000|  0%| F|  |TAMS 0x0000000085b00000, 0x0000000085b00000| Untracked 
|  52|0x0000000085c00000, 0x0000000085c00000, 0x0000000085d00000|  0%| F|  |TAMS 0x0000000085c00000, 0x0000000085c00000| Untracked 
|  53|0x0000000085d00000, 0x0000000085d00000, 0x0000000085e00000|  0%| F|  |TAMS 0x0000000085d00000, 0x0000000085d00000| Untracked 
|  54|0x0000000085e00000, 0x0000000085e00000, 0x0000000085f00000|  0%| F|  |TAMS 0x0000000085e00000, 0x0000000085e00000| Untracked 
|  55|0x0000000085f00000, 0x0000000085f00000, 0x0000000086000000|  0%| F|  |TAMS 0x0000000085f00000, 0x0000000085f00000| Untracked 
|  56|0x0000000086000000, 0x0000000086000000, 0x0000000086100000|  0%| F|  |TAMS 0x0000000086000000, 0x0000000086000000| Untracked 
|  57|0x0000000086100000, 0x0000000086100000, 0x0000000086200000|  0%| F|  |TAMS 0x0000000086100000, 0x0000000086100000| Untracked 
|  58|0x0000000086200000, 0x0000000086200000, 0x0000000086300000|  0%| F|  |TAMS 0x0000000086200000, 0x0000000086200000| Untracked 
|  59|0x0000000086300000, 0x0000000086300000, 0x0000000086400000|  0%| F|  |TAMS 0x0000000086300000, 0x0000000086300000| Untracked 
|  60|0x0000000086400000, 0x0000000086400000, 0x0000000086500000|  0%| F|  |TAMS 0x0000000086400000, 0x0000000086400000| Untracked 
|  61|0x0000000086500000, 0x0000000086500000, 0x0000000086600000|  0%| F|  |TAMS 0x0000000086500000, 0x0000000086500000| Untracked 
|  62|0x0000000086600000, 0x0000000086600000, 0x0000000086700000|  0%| F|  |TAMS 0x0000000086600000, 0x0000000086600000| Untracked 
|  63|0x0000000086700000, 0x0000000086700000, 0x0000000086800000|  0%| F|  |TAMS 0x0000000086700000, 0x0000000086700000| Untracked 
|  64|0x0000000086800000, 0x0000000086800000, 0x0000000086900000|  0%| F|  |TAMS 0x0000000086800000, 0x0000000086800000| Untracked 
|  65|0x0000000086900000, 0x0000000086900000, 0x0000000086a00000|  0%| F|  |TAMS 0x0000000086900000, 0x0000000086900000| Untracked 
|  66|0x0000000086a00000, 0x0000000086a00000, 0x0000000086b00000|  0%| F|  |TAMS 0x0000000086a00000, 0x0000000086a00000| Untracked 
|  67|0x0000000086b00000, 0x0000000086b00000, 0x0000000086c00000|  0%| F|  |TAMS 0x0000000086b00000, 0x0000000086b00000| Untracked 
|  68|0x0000000086c00000, 0x0000000086c00000, 0x0000000086d00000|  0%| F|  |TAMS 0x0000000086c00000, 0x0000000086c00000| Untracked 
|  69|0x0000000086d00000, 0x0000000086d00000, 0x0000000086e00000|  0%| F|  |TAMS 0x0000000086d00000, 0x0000000086d00000| Untracked 
|  70|0x0000000086e00000, 0x0000000086e00000, 0x0000000086f00000|  0%| F|  |TAMS 0x0000000086e00000, 0x0000000086e00000| Untracked 
|  71|0x0000000086f00000, 0x0000000086f00000, 0x0000000087000000|  0%| F|  |TAMS 0x0000000086f00000, 0x0000000086f00000| Untracked 
|  72|0x0000000087000000, 0x0000000087000000, 0x0000000087100000|  0%| F|  |TAMS 0x0000000087000000, 0x0000000087000000| Untracked 
|  73|0x0000000087100000, 0x0000000087100000, 0x0000000087200000|  0%| F|  |TAMS 0x0000000087100000, 0x0000000087100000| Untracked 
|  74|0x0000000087200000, 0x0000000087200000, 0x0000000087300000|  0%| F|  |TAMS 0x0000000087200000, 0x0000000087200000| Untracked 
|  75|0x0000000087300000, 0x0000000087300000, 0x0000000087400000|  0%| F|  |TAMS 0x0000000087300000, 0x0000000087300000| Untracked 
|  76|0x0000000087400000, 0x0000000087400000, 0x0000000087500000|  0%| F|  |TAMS 0x0000000087400000, 0x0000000087400000| Untracked 
|  77|0x0000000087500000, 0x0000000087500000, 0x0000000087600000|  0%| F|  |TAMS 0x0000000087500000, 0x0000000087500000| Untracked 
|  78|0x0000000087600000, 0x0000000087600000, 0x0000000087700000|  0%| F|  |TAMS 0x0000000087600000, 0x0000000087600000| Untracked 
|  79|0x0000000087700000, 0x0000000087700000, 0x0000000087800000|  0%| F|  |TAMS 0x0000000087700000, 0x0000000087700000| Untracked 
|  80|0x0000000087800000, 0x0000000087800000, 0x0000000087900000|  0%| F|  |TAMS 0x0000000087800000, 0x0000000087800000| Untracked 
|  81|0x0000000087900000, 0x0000000087900000, 0x0000000087a00000|  0%| F|  |TAMS 0x0000000087900000, 0x0000000087900000| Untracked 
|  82|0x0000000087a00000, 0x0000000087a00000, 0x0000000087b00000|  0%| F|  |TAMS 0x0000000087a00000, 0x0000000087a00000| Untracked 
|  83|0x0000000087b00000, 0x0000000087b00000, 0x0000000087c00000|  0%| F|  |TAMS 0x0000000087b00000, 0x0000000087b00000| Untracked 
|  84|0x0000000087c00000, 0x0000000087c00000, 0x0000000087d00000|  0%| F|  |TAMS 0x0000000087c00000, 0x0000000087c00000| Untracked 
|  85|0x0000000087d00000, 0x0000000087d00000, 0x0000000087e00000|  0%| F|  |TAMS 0x0000000087d00000, 0x0000000087d00000| Untracked 
|  86|0x0000000087e00000, 0x0000000087e00000, 0x0000000087f00000|  0%| F|  |TAMS 0x0000000087e00000, 0x0000000087e00000| Untracked 
|  87|0x0000000087f00000, 0x0000000087f00000, 0x0000000088000000|  0%| F|  |TAMS 0x0000000087f00000, 0x0000000087f00000| Untracked 
|  88|0x0000000088000000, 0x0000000088000000, 0x0000000088100000|  0%| F|  |TAMS 0x0000000088000000, 0x0000000088000000| Untracked 
|  89|0x0000000088100000, 0x0000000088100000, 0x0000000088200000|  0%| F|  |TAMS 0x0000000088100000, 0x0000000088100000| Untracked 
|  90|0x0000000088200000, 0x0000000088200000, 0x0000000088300000|  0%| F|  |TAMS 0x0000000088200000, 0x0000000088200000| Untracked 
|  91|0x0000000088300000, 0x0000000088300000, 0x0000000088400000|  0%| F|  |TAMS 0x0000000088300000, 0x0000000088300000| Untracked 
|  92|0x0000000088400000, 0x0000000088400000, 0x0000000088500000|  0%| F|  |TAMS 0x0000000088400000, 0x0000000088400000| Untracked 
|  93|0x0000000088500000, 0x0000000088500000, 0x0000000088600000|  0%| F|  |TAMS 0x0000000088500000, 0x0000000088500000| Untracked 
|  94|0x0000000088600000, 0x0000000088600000, 0x0000000088700000|  0%| F|  |TAMS 0x0000000088600000, 0x0000000088600000| Untracked 
|  95|0x0000000088700000, 0x0000000088700000, 0x0000000088800000|  0%| F|  |TAMS 0x0000000088700000, 0x0000000088700000| Untracked 
|  96|0x0000000088800000, 0x0000000088800000, 0x0000000088900000|  0%| F|  |TAMS 0x0000000088800000, 0x0000000088800000| Untracked 
|  97|0x0000000088900000, 0x0000000088900000, 0x0000000088a00000|  0%| F|  |TAMS 0x0000000088900000, 0x0000000088900000| Untracked 
|  98|0x0000000088a00000, 0x0000000088a00000, 0x0000000088b00000|  0%| F|  |TAMS 0x0000000088a00000, 0x0000000088a00000| Untracked 
|  99|0x0000000088b00000, 0x0000000088b00000, 0x0000000088c00000|  0%| F|  |TAMS 0x0000000088b00000, 0x0000000088b00000| Untracked 
| 100|0x0000000088c00000, 0x0000000088c00000, 0x0000000088d00000|  0%| F|  |TAMS 0x0000000088c00000, 0x0000000088c00000| Untracked 
| 101|0x0000000088d00000, 0x0000000088d00000, 0x0000000088e00000|  0%| F|  |TAMS 0x0000000088d00000, 0x0000000088d00000| Untracked 
| 102|0x0000000088e00000, 0x0000000088e00000, 0x0000000088f00000|  0%| F|  |TAMS 0x0000000088e00000, 0x0000000088e00000| Untracked 
| 103|0x0000000088f00000, 0x0000000088f00000, 0x0000000089000000|  0%| F|  |TAMS 0x0000000088f00000, 0x0000000088f00000| Untracked 
| 104|0x0000000089000000, 0x00000000890f5ca0, 0x0000000089100000| 96%| E|  |TAMS 0x0000000089000000, 0x0000000089000000| Complete 
| 105|0x0000000089100000, 0x0000000089200000, 0x0000000089200000|100%| E|CS|TAMS 0x0000000089100000, 0x0000000089100000| Complete 
| 106|0x0000000089200000, 0x0000000089300000, 0x0000000089300000|100%| E|CS|TAMS 0x0000000089200000, 0x0000000089200000| Complete 
| 107|0x0000000089300000, 0x0000000089400000, 0x0000000089400000|100%| E|  |TAMS 0x0000000089300000, 0x0000000089300000| Complete 
| 108|0x0000000089400000, 0x0000000089500000, 0x0000000089500000|100%| E|CS|TAMS 0x0000000089400000, 0x0000000089400000| Complete 
| 109|0x0000000089500000, 0x0000000089600000, 0x0000000089600000|100%| E|CS|TAMS 0x0000000089500000, 0x0000000089500000| Complete 
| 110|0x0000000089600000, 0x0000000089700000, 0x0000000089700000|100%| E|CS|TAMS 0x0000000089600000, 0x0000000089600000| Complete 
| 111|0x0000000089700000, 0x0000000089800000, 0x0000000089800000|100%| E|CS|TAMS 0x0000000089700000, 0x0000000089700000| Complete 
| 112|0x0000000089800000, 0x0000000089900000, 0x0000000089900000|100%| E|CS|TAMS 0x0000000089800000, 0x0000000089800000| Complete 
| 113|0x0000000089900000, 0x0000000089a00000, 0x0000000089a00000|100%| E|CS|TAMS 0x0000000089900000, 0x0000000089900000| Complete 
| 114|0x0000000089a00000, 0x0000000089b00000, 0x0000000089b00000|100%| E|CS|TAMS 0x0000000089a00000, 0x0000000089a00000| Complete 
| 115|0x0000000089b00000, 0x0000000089c00000, 0x0000000089c00000|100%| E|CS|TAMS 0x0000000089b00000, 0x0000000089b00000| Complete 
| 116|0x0000000089c00000, 0x0000000089d00000, 0x0000000089d00000|100%| E|CS|TAMS 0x0000000089c00000, 0x0000000089c00000| Complete 
| 117|0x0000000089d00000, 0x0000000089e00000, 0x0000000089e00000|100%| E|CS|TAMS 0x0000000089d00000, 0x0000000089d00000| Complete 
| 118|0x0000000089e00000, 0x0000000089f00000, 0x0000000089f00000|100%| E|CS|TAMS 0x0000000089e00000, 0x0000000089e00000| Complete 
| 119|0x0000000089f00000, 0x000000008a000000, 0x000000008a000000|100%| E|CS|TAMS 0x0000000089f00000, 0x0000000089f00000| Complete 
| 120|0x000000008a000000, 0x000000008a100000, 0x000000008a100000|100%| E|CS|TAMS 0x000000008a000000, 0x000000008a000000| Complete 
| 121|0x000000008a100000, 0x000000008a200000, 0x000000008a200000|100%| E|CS|TAMS 0x000000008a100000, 0x000000008a100000| Complete 
| 122|0x000000008a200000, 0x000000008a300000, 0x000000008a300000|100%| E|CS|TAMS 0x000000008a200000, 0x000000008a200000| Complete 
| 123|0x000000008a300000, 0x000000008a400000, 0x000000008a400000|100%| E|CS|TAMS 0x000000008a300000, 0x000000008a300000| Complete 
| 124|0x000000008a400000, 0x000000008a500000, 0x000000008a500000|100%| E|CS|TAMS 0x000000008a400000, 0x000000008a400000| Complete 
| 125|0x000000008a500000, 0x000000008a600000, 0x000000008a600000|100%| E|CS|TAMS 0x000000008a500000, 0x000000008a500000| Complete 

Card table byte_map: [0x0000020174e30000,0x0000020175220000] _byte_map_base: 0x0000020174a1c000

Marking Bits (Prev, Next): (CMBitMap*) 0x0000020171090250, (CMBitMap*) 0x0000020171090290
 Prev Bits: [0x0000020175610000, 0x0000020177570000)
 Next Bits: [0x0000020177570000, 0x00000201794d0000)

Polling page: 0x000002016f060000

Metaspace:

Usage:
  Non-class:     11.67 MB used.
      Class:      1.12 MB used.
       Both:     12.79 MB used.

Virtual space:
  Non-class space:       16.00 MB reserved,      11.75 MB ( 73%) committed,  2 nodes.
      Class space:        1.00 GB reserved,       1.19 MB ( <1%) committed,  1 nodes.
             Both:        1.02 GB reserved,      12.94 MB (  1%) committed. 

Chunk freelists:
   Non-Class:  3.84 MB
       Class:  2.81 MB
        Both:  6.66 MB

MaxMetaspaceSize: unlimited
CompressedClassSpaceSize: 1.00 GB
Initial GC threshold: 21.00 MB
Current GC threshold: 21.00 MB
CDS: off
MetaspaceReclaimPolicy: balanced
 - commit_granule_bytes: 65536.
 - commit_granule_words: 8192.
 - virtual_space_node_default_size: 1048576.
 - enlarge_chunks_in_place: 1.
 - new_chunks_are_fully_committed: 0.
 - uncommit_free_chunks: 1.
 - use_allocation_guard: 0.
 - handle_deallocations: 1.


Internal statistics:

num_allocs_failed_limit: 0.
num_arena_births: 40.
num_arena_deaths: 0.
num_vsnodes_births: 3.
num_vsnodes_deaths: 0.
num_space_committed: 208.
num_space_uncommitted: 0.
num_chunks_returned_to_freelist: 0.
num_chunks_taken_from_freelist: 162.
num_chunk_merges: 0.
num_chunk_splits: 97.
num_chunks_enlarged: 73.
num_purges: 0.
num_inconsistent_stats: 0.

CodeHeap 'non-profiled nmethods': size=120000Kb used=290Kb max_used=290Kb free=119709Kb
 bounds [0x0000020107ad0000, 0x0000020107d40000, 0x000002010f000000]
CodeHeap 'profiled nmethods': size=120000Kb used=1513Kb max_used=1513Kb free=118487Kb
 bounds [0x00000201005a0000, 0x0000020100810000, 0x0000020107ad0000]
CodeHeap 'non-nmethods': size=5760Kb used=1236Kb max_used=1245Kb free=4523Kb
 bounds [0x0000020100000000, 0x0000020100270000, 0x00000201005a0000]
 total_blobs=1236 nmethods=773 adapters=376
 compilation: enabled
              stopped_count=0, restarted_count=0
 full_count=0

Compilation events (20 events):
Event: 1.502 Thread 0x000002017c916a40 nmethod 766 0x000002010070d290 code [0x000002010070d840, 0x0000020100710998]
Event: 1.502 Thread 0x000002017c916a40  769       3       org.eclipse.jdt.launching.internal.org.objectweb.asm.Handler::putExceptionTable (63 bytes)
Event: 1.503 Thread 0x000002017c916a40 nmethod 769 0x0000020100711590 code [0x00000201007117a0, 0x0000020100711be8]
Event: 1.503 Thread 0x000002017c916a40  767       3       org.eclipse.jdt.launching.internal.org.objectweb.asm.MethodWriter::visitLdcInsn (215 bytes)
Event: 1.503 Thread 0x000002017c916a40 nmethod 767 0x0000020100711f10 code [0x00000201007121a0, 0x0000020100712d08]
Event: 1.503 Thread 0x000002017c916a40  768       3       org.eclipse.jdt.launching.internal.org.objectweb.asm.MethodWriter::visitMaxs (60 bytes)
Event: 1.504 Thread 0x000002017c916a40 nmethod 768 0x0000020100713190 code [0x0000020100713360, 0x0000020100713658]
Event: 1.504 Thread 0x000002017c916a40  770       3       java.util.jar.JarFile::maybeInstantiateVerifier (42 bytes)
Event: 1.504 Thread 0x000002017c916a40 nmethod 770 0x0000020100713710 code [0x00000201007138e0, 0x0000020100713c78]
Event: 1.504 Thread 0x000002017c916a40  771       3       org.eclipse.jdt.launching.internal.org.objectweb.asm.ByteVector::<init> (12 bytes)
Event: 1.504 Thread 0x000002017c916a40 nmethod 771 0x0000020100713d90 code [0x0000020100713f40, 0x0000020100714198]
Event: 1.504 Thread 0x000002017c916a40  764       1       java.util.jar.Manifest::getMainAttributes (5 bytes)
Event: 1.504 Thread 0x000002017c916a40 nmethod 764 0x0000020107b17590 code [0x0000020107b17720, 0x0000020107b177f8]
Event: 1.504 Thread 0x000002017c916a40  772       1       java.util.zip.ZipEntry::getCrc (5 bytes)
Event: 1.504 Thread 0x000002017c916a40 nmethod 772 0x0000020107b17890 code [0x0000020107b17a20, 0x0000020107b17af8]
Event: 1.505 Thread 0x000002017c916a40  773       3       org.eclipse.jdt.launching.internal.org.objectweb.asm.ClassReader::<init> (371 bytes)
Event: 1.506 Thread 0x000002017c916a40 nmethod 773 0x0000020100714290 code [0x00000201007145a0, 0x0000020100715998]
Event: 1.506 Thread 0x000002017c916a40  774       3       org.eclipse.jdt.launching.internal.org.objectweb.asm.SymbolTable::<init> (536 bytes)
Event: 1.508 Thread 0x000002017c916a40 nmethod 774 0x0000020100715f90 code [0x0000020100716560, 0x0000020100719188]
Event: 1.509 Thread 0x000002017c916a40  779       3       org.eclipse.jdt.launching.internal.org.objectweb.asm.ClassReader::accept (1404 bytes)

GC Heap History (0 events):
No events

Deoptimization events (20 events):
Event: 1.402 Thread 0x00000201710523e0 DEOPT PACKING pc=0x00000201005db0d6 sp=0x000000987dafba10
Event: 1.402 Thread 0x00000201710523e0 DEOPT UNPACKING pc=0x0000020100052b43 sp=0x000000987dafaeb0 mode 0
Event: 1.402 Thread 0x00000201710523e0 DEOPT PACKING pc=0x00000201005db0d6 sp=0x000000987dafba10
Event: 1.402 Thread 0x00000201710523e0 DEOPT UNPACKING pc=0x0000020100052b43 sp=0x000000987dafaeb0 mode 0
Event: 1.403 Thread 0x00000201710523e0 DEOPT PACKING pc=0x00000201005db0d6 sp=0x000000987dafba10
Event: 1.403 Thread 0x00000201710523e0 DEOPT UNPACKING pc=0x0000020100052b43 sp=0x000000987dafaeb0 mode 0
Event: 1.403 Thread 0x00000201710523e0 DEOPT PACKING pc=0x00000201005db0d6 sp=0x000000987dafba10
Event: 1.403 Thread 0x00000201710523e0 DEOPT UNPACKING pc=0x0000020100052b43 sp=0x000000987dafaeb0 mode 0
Event: 1.404 Thread 0x00000201710523e0 DEOPT PACKING pc=0x00000201005db0d6 sp=0x000000987dafba10
Event: 1.404 Thread 0x00000201710523e0 DEOPT UNPACKING pc=0x0000020100052b43 sp=0x000000987dafaeb0 mode 0
Event: 1.404 Thread 0x00000201710523e0 DEOPT PACKING pc=0x00000201005db0d6 sp=0x000000987dafba10
Event: 1.404 Thread 0x00000201710523e0 DEOPT UNPACKING pc=0x0000020100052b43 sp=0x000000987dafaeb0 mode 0
Event: 1.431 Thread 0x00000201710523e0 DEOPT PACKING pc=0x00000201005db0d6 sp=0x000000987daf88a0
Event: 1.431 Thread 0x00000201710523e0 DEOPT UNPACKING pc=0x0000020100052b43 sp=0x000000987daf7d40 mode 0
Event: 1.471 Thread 0x00000201710523e0 DEOPT PACKING pc=0x000002010065a4be sp=0x000000987dafd140
Event: 1.471 Thread 0x00000201710523e0 DEOPT UNPACKING pc=0x0000020100052b43 sp=0x000000987dafc5e0 mode 0
Event: 1.495 Thread 0x00000201710523e0 DEOPT PACKING pc=0x00000201006306f9 sp=0x000000987daf6d60
Event: 1.495 Thread 0x00000201710523e0 DEOPT UNPACKING pc=0x0000020100052b43 sp=0x000000987daf61e8 mode 0
Event: 1.510 Thread 0x00000201710523e0 DEOPT PACKING pc=0x00000201006306f9 sp=0x000000987dafa200
Event: 1.510 Thread 0x00000201710523e0 DEOPT UNPACKING pc=0x0000020100052b43 sp=0x000000987daf9660 mode 0

Classes unloaded (0 events):
No events

Classes redefined (0 events):
No events

Internal exceptions (5 events):
Event: 1.389 Thread 0x00000201710523e0 Exception <a 'java/lang/NoSuchMethodError'{0x0000000089c3fd88}: 'java.lang.Object java.lang.invoke.DirectMethodHandle$Holder.invokeStaticInit(java.lang.Object)'> (0x0000000089c3fd88) 
thrown [e:\jenkins\tmp\workspace\build\src\src\hotspot\share\interpreter\linkResolver.cpp, line 766]
Event: 1.390 Thread 0x00000201710523e0 Exception <a 'java/lang/NoSuchMethodError'{0x0000000089c46d10}: 'java.lang.Object java.lang.invoke.DirectMethodHandle$Holder.invokeInterface(java.lang.Object, java.lang.Object)'> (0x0000000089c46d10) 
thrown [e:\jenkins\tmp\workspace\build\src\src\hotspot\share\interpreter\linkResolver.cpp, line 766]
Event: 1.414 Thread 0x00000201710523e0 Exception <a 'java/lang/NoSuchMethodError'{0x0000000089b04650}: 'void java.lang.invoke.DirectMethodHandle$Holder.invokeSpecial(java.lang.Object, java.lang.Object, java.lang.Object)'> (0x0000000089b04650) 
thrown [e:\jenkins\tmp\workspace\build\src\src\hotspot\share\interpreter\linkResolver.cpp, line 766]
Event: 1.415 Thread 0x00000201710523e0 Exception <a 'java/lang/NoSuchMethodError'{0x0000000089b0bce0}: 'void java.lang.invoke.DirectMethodHandle$Holder.invokeStatic(java.lang.Object, java.lang.Object, java.lang.Object)'> (0x0000000089b0bce0) 
thrown [e:\jenkins\tmp\workspace\build\src\src\hotspot\share\interpreter\linkResolver.cpp, line 766]
Event: 1.417 Thread 0x00000201710523e0 Exception <a 'java/lang/NoSuchMethodError'{0x0000000089b16b50}: 'java.lang.Object java.lang.invoke.DirectMethodHandle$Holder.invokeVirtual(java.lang.Object, java.lang.Object, java.lang.Object)'> (0x0000000089b16b50) 
thrown [e:\jenkins\tmp\workspace\build\src\src\hotspot\share\interpreter\linkResolver.cpp, line 766]

VM Operations (12 events):
Event: 0.165 Executing VM operation: HandshakeAllThreads
Event: 0.165 Executing VM operation: HandshakeAllThreads done
Event: 0.190 Executing VM operation: ChangeBreakpoints
Event: 0.190 Executing VM operation: ChangeBreakpoints done
Event: 0.298 Executing VM operation: ChangeBreakpoints
Event: 0.298 Executing VM operation: ChangeBreakpoints done
Event: 1.300 Executing VM operation: Cleanup
Event: 1.300 Executing VM operation: Cleanup done
Event: 1.342 Executing VM operation: HandshakeAllThreads
Event: 1.342 Executing VM operation: HandshakeAllThreads done
Event: 1.364 Executing VM operation: HandshakeAllThreads
Event: 1.364 Executing VM operation: HandshakeAllThreads done

Events (20 events):
Event: 1.418 loading class java/util/stream/ForEachOps$ForEachOp$OfRef
Event: 1.418 loading class java/util/stream/ForEachOps$ForEachOp
Event: 1.418 loading class java/util/stream/ForEachOps$ForEachOp done
Event: 1.418 loading class java/util/stream/ForEachOps$ForEachOp$OfRef done
Event: 1.419 loading class java/lang/NoSuchFieldError
Event: 1.419 loading class java/lang/NoSuchFieldError done
Event: 1.459 loading class java/lang/reflect/InvocationHandler
Event: 1.459 loading class java/lang/reflect/InvocationHandler done
Event: 1.461 loading class java/util/Random
Event: 1.461 loading class java/util/random/RandomGenerator
Event: 1.461 loading class java/util/random/RandomGenerator done
Event: 1.461 loading class java/util/Random done
Event: 1.478 loading class java/text/MessageFormat$Field
Event: 1.478 loading class java/text/Format$Field
Event: 1.478 loading class java/text/AttributedCharacterIterator$Attribute
Event: 1.478 loading class java/text/AttributedCharacterIterator$Attribute done
Event: 1.478 loading class java/text/Format$Field done
Event: 1.478 loading class java/text/MessageFormat$Field done
Event: 1.484 loading class java/util/concurrent/ConcurrentHashMap$KeyIterator
Event: 1.484 loading class java/util/concurrent/ConcurrentHashMap$KeyIterator done


Dynamic libraries:
0x00007ff77e4d0000 - 0x00007ff77e4de000 	C:\Users\ma\.p2\pool\plugins\org.eclipse.justj.openjdk.hotspot.jre.full.win32.x86_64_17.0.1.v20211116-1657\jre\bin\javaw.exe
0x00007ffdcef20000 - 0x00007ffdcf127000 	C:\WINDOWS\SYSTEM32\ntdll.dll
0x00007ffdcddc0000 - 0x00007ffdcde7d000 	C:\WINDOWS\System32\KERNEL32.DLL
0x00007ffdcc660000 - 0x00007ffdcc9d4000 	C:\WINDOWS\System32\KERNELBASE.dll
0x00007ffdccca0000 - 0x00007ffdccdb1000 	C:\WINDOWS\System32\ucrtbase.dll
0x00007ffdc8d70000 - 0x00007ffdc8d88000 	C:\Users\ma\.p2\pool\plugins\org.eclipse.justj.openjdk.hotspot.jre.full.win32.x86_64_17.0.1.v20211116-1657\jre\bin\jli.dll
0x00007ffdc6b00000 - 0x00007ffdc6b19000 	C:\Users\ma\.p2\pool\plugins\org.eclipse.justj.openjdk.hotspot.jre.full.win32.x86_64_17.0.1.v20211116-1657\jre\bin\VCRUNTIME140.dll
0x00007ffdcdbb0000 - 0x00007ffdcdd5c000 	C:\WINDOWS\System32\USER32.dll
0x00007ffdb8840000 - 0x00007ffdb8ae5000 	C:\WINDOWS\WinSxS\amd64_microsoft.windows.common-controls_6595b64144ccf1df_6.0.22000.120_none_9d947278b86cc467\COMCTL32.dll
0x00007ffdcca60000 - 0x00007ffdcca86000 	C:\WINDOWS\System32\win32u.dll
0x00007ffdce9c0000 - 0x00007ffdcea63000 	C:\WINDOWS\System32\msvcrt.dll
0x00007ffdce670000 - 0x00007ffdce699000 	C:\WINDOWS\System32\GDI32.dll
0x00007ffdcc540000 - 0x00007ffdcc652000 	C:\WINDOWS\System32\gdi32full.dll
0x00007ffdcca90000 - 0x00007ffdccb2d000 	C:\WINDOWS\System32\msvcp_win.dll
0x00007ffdccdc0000 - 0x00007ffdccdf1000 	C:\WINDOWS\System32\IMM32.DLL
0x00007ffdc86c0000 - 0x00007ffdc86cc000 	C:\Users\ma\.p2\pool\plugins\org.eclipse.justj.openjdk.hotspot.jre.full.win32.x86_64_17.0.1.v20211116-1657\jre\bin\vcruntime140_1.dll
0x00007ffdb7490000 - 0x00007ffdb7521000 	C:\Users\ma\.p2\pool\plugins\org.eclipse.justj.openjdk.hotspot.jre.full.win32.x86_64_17.0.1.v20211116-1657\jre\bin\msvcp140.dll
0x00007ffd687f0000 - 0x00007ffd69436000 	C:\Users\ma\.p2\pool\plugins\org.eclipse.justj.openjdk.hotspot.jre.full.win32.x86_64_17.0.1.v20211116-1657\jre\bin\server\jvm.dll
0x00007ffdcd5b0000 - 0x00007ffdcd65e000 	C:\WINDOWS\System32\ADVAPI32.dll
0x00007ffdcecc0000 - 0x00007ffdced5e000 	C:\WINDOWS\System32\sechost.dll
0x00007ffdce050000 - 0x00007ffdce170000 	C:\WINDOWS\System32\RPCRT4.dll
0x00007ffdce6a0000 - 0x00007ffdce6a8000 	C:\WINDOWS\System32\PSAPI.DLL
0x00007ffdb24c0000 - 0x00007ffdb24c9000 	C:\WINDOWS\SYSTEM32\WSOCK32.dll
0x00007ffdc6850000 - 0x00007ffdc6883000 	C:\WINDOWS\SYSTEM32\WINMM.dll
0x00007ffdc4800000 - 0x00007ffdc480a000 	C:\WINDOWS\SYSTEM32\VERSION.dll
0x00007ffdcec50000 - 0x00007ffdcecbf000 	C:\WINDOWS\System32\WS2_32.dll
0x00007ffdcb5c0000 - 0x00007ffdcb5d8000 	C:\WINDOWS\SYSTEM32\kernel.appcore.dll
0x00007ffdbc150000 - 0x00007ffdbc15a000 	C:\Users\ma\.p2\pool\plugins\org.eclipse.justj.openjdk.hotspot.jre.full.win32.x86_64_17.0.1.v20211116-1657\jre\bin\jimage.dll
0x00007ffdc9a70000 - 0x00007ffdc9c91000 	C:\WINDOWS\SYSTEM32\DBGHELP.DLL
0x00007ffdb0d10000 - 0x00007ffdb0d41000 	C:\WINDOWS\SYSTEM32\dbgcore.DLL
0x00007ffdcc9e0000 - 0x00007ffdcca5f000 	C:\WINDOWS\System32\bcryptPrimitives.dll
0x00007ffdbb350000 - 0x00007ffdbb38b000 	C:\Users\ma\.p2\pool\plugins\org.eclipse.justj.openjdk.hotspot.jre.full.win32.x86_64_17.0.1.v20211116-1657\jre\bin\jdwp.dll
0x00007ffdc7c20000 - 0x00007ffdc7c2e000 	C:\Users\ma\.p2\pool\plugins\org.eclipse.justj.openjdk.hotspot.jre.full.win32.x86_64_17.0.1.v20211116-1657\jre\bin\instrument.dll
0x00007ffdbb310000 - 0x00007ffdbb335000 	C:\Users\ma\.p2\pool\plugins\org.eclipse.justj.openjdk.hotspot.jre.full.win32.x86_64_17.0.1.v20211116-1657\jre\bin\java.dll
0x00007ffdbc0b0000 - 0x00007ffdbc0c8000 	C:\Users\ma\.p2\pool\plugins\org.eclipse.justj.openjdk.hotspot.jre.full.win32.x86_64_17.0.1.v20211116-1657\jre\bin\zip.dll
0x00007ffdcce00000 - 0x00007ffdcd5ae000 	C:\WINDOWS\System32\SHELL32.dll
0x00007ffdca550000 - 0x00007ffdcadb7000 	C:\WINDOWS\SYSTEM32\windows.storage.dll
0x00007ffdce170000 - 0x00007ffdce4e8000 	C:\WINDOWS\System32\combase.dll
0x00007ffdca3e0000 - 0x00007ffdca546000 	C:\WINDOWS\SYSTEM32\wintypes.dll
0x00007ffdceb60000 - 0x00007ffdcec4a000 	C:\WINDOWS\System32\SHCORE.dll
0x00007ffdced60000 - 0x00007ffdcedbd000 	C:\WINDOWS\System32\shlwapi.dll
0x00007ffdcc340000 - 0x00007ffdcc361000 	C:\WINDOWS\SYSTEM32\profapi.dll
0x00007ffdbc160000 - 0x00007ffdbc16c000 	C:\Users\ma\.p2\pool\plugins\org.eclipse.justj.openjdk.hotspot.jre.full.win32.x86_64_17.0.1.v20211116-1657\jre\bin\dt_socket.dll
0x00007ffdcb130000 - 0x00007ffdcb15d000 	C:\WINDOWS\SYSTEM32\IPHLPAPI.DLL
0x00007ffdcb9f0000 - 0x00007ffdcba57000 	C:\WINDOWS\system32\mswsock.dll
0x00007ffdcb160000 - 0x00007ffdcb247000 	C:\WINDOWS\SYSTEM32\DNSAPI.dll
0x00007ffdce660000 - 0x00007ffdce669000 	C:\WINDOWS\System32\NSI.dll
0x00007ffdbcc10000 - 0x00007ffdbcc1a000 	C:\Windows\System32\rasadhlp.dll
0x00007ffdc5850000 - 0x00007ffdc58d1000 	C:\WINDOWS\System32\fwpuclnt.dll
0x00007ffdbb270000 - 0x00007ffdbb289000 	C:\Users\ma\.p2\pool\plugins\org.eclipse.justj.openjdk.hotspot.jre.full.win32.x86_64_17.0.1.v20211116-1657\jre\bin\net.dll
0x00007ffdc6f90000 - 0x00007ffdc709c000 	C:\WINDOWS\SYSTEM32\WINHTTP.dll
0x00007ffdba3e0000 - 0x00007ffdba3f5000 	C:\Users\ma\.p2\pool\plugins\org.eclipse.justj.openjdk.hotspot.jre.full.win32.x86_64_17.0.1.v20211116-1657\jre\bin\nio.dll
0x00007ffdbc140000 - 0x00007ffdbc150000 	C:\Users\ma\.p2\pool\plugins\org.eclipse.justj.openjdk.hotspot.jre.full.win32.x86_64_17.0.1.v20211116-1657\jre\bin\verify.dll

dbghelp: loaded successfully - version: 4.0.5 - missing functions: none
symbol engine: initialized successfully - sym options: 0x614 - pdb path: .;C:\Users\ma\.p2\pool\plugins\org.eclipse.justj.openjdk.hotspot.jre.full.win32.x86_64_17.0.1.v20211116-1657\jre\bin;C:\WINDOWS\SYSTEM32;C:\WINDOWS\WinSxS\amd64_microsoft.windows.common-controls_6595b64144ccf1df_6.0.22000.120_none_9d947278b86cc467;C:\Users\ma\.p2\pool\plugins\org.eclipse.justj.openjdk.hotspot.jre.full.win32.x86_64_17.0.1.v20211116-1657\jre\bin\server

VM Arguments:
jvm_args: -XX:+ShowCodeDetailsInExceptionMessages -agentlib:jdwp=transport=dt_socket,suspend=y,address=localhost:56232 -javaagent:C:\Users\ma\eclipse\java-2021-09\eclipse\configuration\org.eclipse.osgi\222\0\.cp\lib\javaagent-shaded.jar -Dfile.encoding=Cp1252 
java_command: GUI_Panels.MainPanel
java_class_path (initial): C:\Users\ma\OneDrive\Documents\Object Oriented Design and Programming\C_Management\Course Management\bin;C:\Program Files\MySQLJDBC\mysql-connector-java-8.0.27\mysql-connector-java-8.0.27.jar
Launcher Type: SUN_STANDARD

[Global flags]
     intx CICompilerCount                          = 4                                         {product} {ergonomic}
     uint ConcGCThreads                            = 2                                         {product} {ergonomic}
     uint G1ConcRefinementThreads                  = 8                                         {product} {ergonomic}
   size_t G1HeapRegionSize                         = 1048576                                   {product} {ergonomic}
    uintx GCDrainStackTargetSize                   = 64                                        {product} {ergonomic}
   size_t InitialHeapSize                          = 132120576                                 {product} {ergonomic}
   size_t MarkStackSize                            = 4194304                                   {product} {ergonomic}
   size_t MaxHeapSize                              = 2105540608                                {product} {ergonomic}
   size_t MaxNewSize                               = 1262485504                                {product} {ergonomic}
   size_t MinHeapDeltaBytes                        = 1048576                                   {product} {ergonomic}
   size_t MinHeapSize                              = 8388608                                   {product} {ergonomic}
    uintx NonNMethodCodeHeapSize                   = 5839372                                {pd product} {ergonomic}
    uintx NonProfiledCodeHeapSize                  = 122909434                              {pd product} {ergonomic}
    uintx ProfiledCodeHeapSize                     = 122909434                              {pd product} {ergonomic}
    uintx ReservedCodeCacheSize                    = 251658240                              {pd product} {ergonomic}
     bool SegmentedCodeCache                       = true                                      {product} {ergonomic}
     bool ShowCodeDetailsInExceptionMessages       = true                                   {manageable} {command line}
   size_t SoftMaxHeapSize                          = 2105540608                             {manageable} {ergonomic}
     bool UseCompressedClassPointers               = true                           {product lp64_product} {ergonomic}
     bool UseCompressedOops                        = true                           {product lp64_product} {ergonomic}
     bool UseG1GC                                  = true                                      {product} {ergonomic}
     bool UseLargePagesIndividualAllocation        = false                                  {pd product} {ergonomic}

Logging:
Log output configuration:
 #0: stdout all=warning uptime,level,tags
 #1: stderr all=off uptime,level,tags

Environment Variables:
PATH=C:\Users\ma\.p2\pool\plugins\org.eclipse.justj.openjdk.hotspot.jre.full.win32.x86_64_17.0.1.v20211116-1657\jre\bin;C:/Users/ma/.p2/pool/plugins/org.eclipse.justj.openjdk.hotspot.jre.full.win32.x86_64_17.0.1.v20211116-1657/jre/bin/server;C:/Users/ma/.p2/pool/plugins/org.eclipse.justj.openjdk.hotspot.jre.full.win32.x86_64_17.0.1.v20211116-1657/jre/bin;C:\ProgramData\Oracle\Java\javapath;C:\Program Files\Common Files\Oracle\Java\javapath;C:\Program Files (x86)\Common Files\Oracle\Java\javapath;C:\Windows\system32;C:\Windows;C:\Windows\System32\Wbem;C:\Windows\System32\WindowsPowerShell\v1.0\;C:\Windows\System32\OpenSSH\;C:\Program Files (x86)\NVIDIA Corporation\PhysX\Common;C:\Program Files\NVIDIA Corporation\NVIDIA NvDLISR;C:\Program Files\Java\jdk-17.0.1\bin;C:\Program Files\Git\cmd;C:\flutter_windows_2.5.3-stable\bin;;C:\WINDOWS\system32;C:\WINDOWS;C:\WINDOWS\System32\Wbem;C:\WINDOWS\System32\WindowsPowerShell\v1.0\;C:\WINDOWS\System32\OpenSSH\;C:\TDM-GCC-64\bin;C:\Users\ma\AppData\Local\Programs\Python\Python310\Scripts\;C:\Users\ma\AppData\Local\Programs\Python\Python310\;C:\Program Files\Common Files\Oracle\Java\javapath;C:\Windows\system32;C:\Windows;C:\Windows\System32\Wbem;C:\Windows\System32\WindowsPowerShell\v1.0\;C:\Windows\System32\OpenSSH\;C:\Program Files (x86)\NVIDIA Corporation\PhysX\Common;C:\Program Files\NVIDIA Corporation\NVIDIA NvDLISR;C:\Program Files\Java\jdk-17.0.1\bin;C:\Program Files\Git\cmd;C:\flutter_windows_2.5.3-stable\bin;C:\WINDOWS\system32;C:\WINDOWS;C:\WINDOWS\System32\Wbem;C:\WINDOWS\System32\WindowsPowerShell\v1.0\;C:\WINDOWS\System32\OpenSSH\;C:\Users\ma\AppData\Local\Microsoft\WindowsApps;C:\Users\ma\AppData\Local\Programs\Microsoft VS Code\bin;C:\flutter_windows_2.5.3-stable\bin;C:\Python34\Scripts;C:\Program Files\MongoDB\Server\5.0\bin;;C:\WINDOWS\System32;
USERNAME=ma
OS=Windows_NT
PROCESSOR_IDENTIFIER=Intel64 Family 6 Model 165 Stepping 2, GenuineIntel



---------------  S Y S T E M  ---------------

OS:
 Windows 10 , 64 bit Build 22000 (10.0.22000.434)
OS uptime: 7 days 10:25 hours
Hyper-V role detected

CPU: total 8 (initial active 8) (4 cores per cpu, 2 threads per core) family 6 model 165 stepping 2 microcode 0xe0, cx8, cmov, fxsr, ht, mmx, 3dnowpref, sse, sse2, sse3, ssse3, sse4.1, sse4.2, popcnt, lzcnt, tsc, tscinvbit, avx, avx2, aes, erms, clmul, bmi1, bmi2, adx, fma, vzeroupper, clflush, clflushopt, hv

Memory: 4k page, system-wide physical 8029M (140M free)
TotalPageFile size 32605M (AvailPageFile size 0M)
current process WorkingSet (physical memory assigned to process): 83M, peak: 83M
current process commit charge ("private bytes"): 227M, peak: 227M

vm_info: OpenJDK 64-Bit Server VM (17.0.1+12) for windows-amd64 JRE (17.0.1+12), built on Oct 20 2021 07:42:55 by "" with MS VC++ 16.7 (VS2019)

END.
