#
# A fatal error has been detected by the Java Runtime Environment:
#
#  EXCEPTION_UNCAUGHT_CXX_EXCEPTION (0xe06d7363) at pc=0x00007ffdcc6a478c, pid=33704, tid=28696
#
# JRE version: OpenJDK Runtime Environment Temurin-17.0.1+12 (17.0.1+12) (build 17.0.1+12)
# Java VM: OpenJDK 64-Bit Server VM Temurin-17.0.1+12 (17.0.1+12, mixed mode, tiered, compressed oops, compressed class ptrs, g1 gc, windows-amd64)
# Problematic frame:
# C  [KERNELBASE.dll+0x4478c]
#
# No core dump will be written. Minidumps are not enabled by default on client versions of Windows
#
# If you would like to submit a bug report, please visit:
#   https://github.com/adoptium/adoptium-support/issues
#

---------------  S U M M A R Y ------------

Command Line: -XX:+ShowCodeDetailsInExceptionMessages -agentlib:jdwp=transport=dt_socket,suspend=y,address=localhost:64524 -javaagent:C:\Users\ma\eclipse\java-2021-09\eclipse\configuration\org.eclipse.osgi\222\0\.cp\lib\javaagent-shaded.jar -Dfile.encoding=Cp1252 GUI_Panels.StudentPanel

Host: Intel(R) Core(TM) i5-10300H CPU @ 2.50GHz, 8 cores, 7G,  Windows 10 , 64 bit Build 22000 (10.0.22000.434)
Time: Mon Jan 31 02:48:19 2022 Nepal Standard Time elapsed time: 0.954169 seconds (0d 0h 0m 0s)

---------------  T H R E A D  ---------------

Current thread (0x0000025f400d6770):  JavaThread "main" [_thread_in_vm, id=28696, stack(0x0000006e11800000,0x0000006e11900000)]

Stack: [0x0000006e11800000,0x0000006e11900000],  sp=0x0000006e118fd7a0,  free space=1013k
Native frames: (J=compiled Java code, j=interpreted, Vv=VM code, C=native code)
C  [KERNELBASE.dll+0x4478c]
C  [VCRUNTIME140.dll+0x6220]
C  [jimage.dll+0x32a7]
C  [jimage.dll+0x2a15]
C  [jimage.dll+0x145b]
C  [jimage.dll+0x1e97]
C  [jimage.dll+0x1f2e]
C  [jimage.dll+0x2666]
V  [jvm.dll+0x1f1dcd]
V  [jvm.dll+0x1f09f2]
V  [jvm.dll+0x7a87ab]
V  [jvm.dll+0x7a9b52]
V  [jvm.dll+0x7aa2e9]
V  [jvm.dll+0x1eb074]
V  [jvm.dll+0x1e027a]
V  [jvm.dll+0x53b150]
V  [jvm.dll+0x1f0a57]
V  [jvm.dll+0x7a87ab]
V  [jvm.dll+0x7a9b52]
V  [jvm.dll+0x7a9e88]
V  [jvm.dll+0x23d45e]
V  [jvm.dll+0x37e5ae]
C  0x0000025f437a7704

Java frames: (J=compiled Java code, j=interpreted, Vv=VM code)
j  sun.java2d.d3d.D3DGraphicsDevice.<init>(ILsun/java2d/pipe/hw/ContextCapabilities;)V+26 java.desktop@17.0.1
j  sun.java2d.d3d.D3DGraphicsDevice.createDevice(I)Lsun/java2d/d3d/D3DGraphicsDevice;+67 java.desktop@17.0.1
j  sun.awt.Win32GraphicsEnvironment.makeScreenDevice(I)Ljava/awt/GraphicsDevice;+9 java.desktop@17.0.1
j  sun.java2d.SunGraphicsEnvironment.getScreenDevices()[Ljava/awt/GraphicsDevice;+30 java.desktop@17.0.1
j  sun.awt.Win32GraphicsEnvironment.getDefaultScreenDevice()Ljava/awt/GraphicsDevice;+1 java.desktop@17.0.1
j  java.awt.Window.initGC(Ljava/awt/GraphicsConfiguration;)Ljava/awt/GraphicsConfiguration;+10 java.desktop@17.0.1
j  java.awt.Window.init(Ljava/awt/GraphicsConfiguration;)V+45 java.desktop@17.0.1
j  java.awt.Window.<init>()V+124 java.desktop@17.0.1
j  java.awt.Frame.<init>(Ljava/lang/String;)V+1 java.desktop@17.0.1
j  java.awt.Frame.<init>()V+3 java.desktop@17.0.1
j  javax.swing.JFrame.<init>()V+1 java.desktop@17.0.1
j  GUI_Panels.StudentPanel.startGUI()V+23
j  GUI_Panels.StudentPanel.main([Ljava/lang/String;)V+12
v  ~StubRoutines::call_stub

siginfo: EXCEPTION_UNCAUGHT_CXX_EXCEPTION (0xe06d7363), ExceptionInformation=0x0000000019930520 0x0000006e118fd900 0x00007ffdbcf55138 0x00007ffdbcf50000 


Register to memory mapping:

RIP=0x00007ffdcc6a478c KERNELBASE.dll
RAX=0x000000000000001d is an unknown value
RBX=0x00007ffdbcf55138 jimage.dll
RCX=0x0000006e118fd8f0 is pointing into the stack for thread: 0x0000025f400d6770
RDX=0x0000025f5de010b0 points into unknown readable memory: 0x0000000000000000 | 00 00 00 00 00 00 00 00
RSP=0x0000006e118fd7a0 is pointing into the stack for thread: 0x0000025f400d6770
RBP=0x0000006e118fda30 is pointing into the stack for thread: 0x0000025f400d6770
RSI=0x0000006e118fd900 is pointing into the stack for thread: 0x0000025f400d6770
RDI=0x0000000019930520 is an unknown value
R8 =0x0000006e5a38bd88 is an unknown value
R9 =0x0000025f3dff3172 points into unknown readable memory: 4d 10 63 00 84 00
R10=0x0000025f5a425340 is pointing into metadata
R11=0x000000005a425300 is an unknown value
R12=0x0000000000001dd0 is an unknown value
R13=0x0000025f5de01810 points into unknown readable memory: 0x6176616a2f6e7573 | 73 75 6e 2f 6a 61 76 61
R14=0x0000025f5de01860 points into unknown readable memory: 0x7365642e6176616a | 6a 61 76 61 2e 64 65 73
R15=0x0000025f5de01860 points into unknown readable memory: 0x7365642e6176616a | 6a 61 76 61 2e 64 65 73


Registers:
RAX=0x000000000000001d, RBX=0x00007ffdbcf55138, RCX=0x0000006e118fd8f0, RDX=0x0000025f5de010b0
RSP=0x0000006e118fd7a0, RBP=0x0000006e118fda30, RSI=0x0000006e118fd900, RDI=0x0000000019930520
R8 =0x0000006e5a38bd88, R9 =0x0000025f3dff3172, R10=0x0000025f5a425340, R11=0x000000005a425300
R12=0x0000000000001dd0, R13=0x0000025f5de01810, R14=0x0000025f5de01860, R15=0x0000025f5de01860
RIP=0x00007ffdcc6a478c, EFLAGS=0x0000000000000202

Top of Stack: (sp=0x0000006e118fd7a0)
0x0000006e118fd7a0:   000000000000001b 00007ffdbcf55138
0x0000006e118fd7b0:   0000006e118fd900 00007ffdccca2ef6
0x0000006e118fd7c0:   00000081e06d7363 0000000000000000
0x0000006e118fd7d0:   00007ffdcc6a478c 0000006e00000004
0x0000006e118fd7e0:   0000000019930520 0000006e118fd900
0x0000006e118fd7f0:   00007ffdbcf55138 00007ffdbcf50000
0x0000006e118fd800:   0000006e00000000 0000006e118fd830
0x0000006e118fd810:   0000006e118fd880 0000006e118fd888
0x0000006e118fd820:   0000025f5de01860 00007ffdcef9a4af
0x0000006e118fd830:   0000006e118fd8a0 00007ffdbcf57000
0x0000006e118fd840:   0000006e118fd900 0000000019930520
0x0000006e118fd850:   00007ffdbcf57000 00007ffdbcf50000
0x0000006e118fd860:   00004d0625b25101 00007ffdcc6ae600
0x0000006e118fd870:   00007ffdbcf55138 00007ffdb8006220
0x0000006e118fd880:   0000000000000024 00007ffd6db70608
0x0000006e118fd890:   0000006e118fd8e0 00007ffdccd9f550 

Instructions: (pc=0x00007ffdcc6a478c)
0x00007ffdcc6a468c:   48 21 75 48 4c 8d 45 48 41 b9 08 00 00 00 49 8b
0x00007ffdcc6a469c:   cd 41 8d 51 fd 48 ff 15 48 8a 1f 00 0f 1f 44 00
0x00007ffdcc6a46ac:   00 8b f8 85 c0 78 86 be 01 00 00 00 e9 18 ff ff
0x00007ffdcc6a46bc:   ff 85 f6 74 21 41 b9 08 00 00 00 4c 8d 45 38 49
0x00007ffdcc6a46cc:   8b cd 41 8d 51 fd 48 ff 15 17 8a 1f 00 0f 1f 44
0x00007ffdcc6a46dc:   00 00 48 8b 4d 38 48 ff 15 2f 84 1f 00 0f 1f 44
0x00007ffdcc6a46ec:   00 00 e9 4f ff ff ff cc cc cc cc cc 71 e1 d3 32
0x00007ffdcc6a46fc:   5b 07 d5 dd 65 48 8b 04 25 30 00 00 00 8b 40 68
0x00007ffdcc6a470c:   c3 cc cc cc cc cc cc cc cc cc cc cc 71 18 d3 7a
0x00007ffdcc6a471c:   1a 87 89 f9 48 81 ec d8 00 00 00 48 8b 05 22 38
0x00007ffdcc6a472c:   2e 00 48 33 c4 48 89 84 24 c0 00 00 00 48 83 64
0x00007ffdcc6a473c:   24 28 00 48 8d 05 da ff ff ff 83 e2 01 89 4c 24
0x00007ffdcc6a474c:   20 89 54 24 24 48 89 44 24 30 4d 85 c9 74 4f b8
0x00007ffdcc6a475c:   0f 00 00 00 48 8d 4c 24 40 44 3b c0 49 8b d1 41
0x00007ffdcc6a476c:   0f 46 c0 44 8b c0 44 89 44 24 38 49 c1 e0 03 e8
0x00007ffdcc6a477c:   d7 38 07 00 48 8d 4c 24 20 48 ff 15 ac 84 1f 00
0x00007ffdcc6a478c:   0f 1f 44 00 00 48 8b 8c 24 c0 00 00 00 48 33 cc
0x00007ffdcc6a479c:   e8 6f b1 06 00 48 81 c4 d8 00 00 00 c3 cc 83 64
0x00007ffdcc6a47ac:   24 38 00 eb cf cc cc cc cc cc cc cc 71 c2 5b 1e
0x00007ffdcc6a47bc:   ed 06 b0 d2 48 89 5c 24 10 55 56 57 41 54 41 55
0x00007ffdcc6a47cc:   41 56 41 57 48 81 ec a0 03 00 00 48 8d 6c 24 50
0x00007ffdcc6a47dc:   48 83 e5 e0 48 8b 05 69 37 2e 00 48 33 c4 48 89
0x00007ffdcc6a47ec:   85 40 03 00 00 44 8b ea 44 89 45 2c 33 d2 48 89
0x00007ffdcc6a47fc:   4d 10 41 8b c1 48 8b d9 89 45 04 8b fa 48 85 c9
0x00007ffdcc6a480c:   0f 84 2c 2e 09 00 85 c0 0f 84 c7 03 00 00 45 85
0x00007ffdcc6a481c:   ed 8d 5a 37 41 0f 45 dd f7 c3 c8 ff ff ff 0f 85
0x00007ffdcc6a482c:   54 32 09 00 44 8b e2 8d 72 01 8b ca 44 8b f3 41
0x00007ffdcc6a483c:   c1 ee 02 44 23 f6 f6 c3 21 41 0f 95 c4 f6 c3 11
0x00007ffdcc6a484c:   44 89 65 1c 0f 95 c1 44 89 65 28 89 4d 00 89 4d
0x00007ffdcc6a485c:   20 89 4d 24 45 85 e4 74 37 e8 d6 de ff ff 48 8b
0x00007ffdcc6a486c:   78 10 e8 e9 ab ff ff 33 d2 4c 8b f8 48 85 ff 74
0x00007ffdcc6a487c:   0f 44 8b 5f 4c 41 0f ba e3 10 0f 82 bc 2d 09 00 


Stack slot to memory mapping:
stack at sp + 0 slots: 0x000000000000001b is an unknown value
stack at sp + 1 slots: 0x00007ffdbcf55138 jimage.dll
stack at sp + 2 slots: 0x0000006e118fd900 is pointing into the stack for thread: 0x0000025f400d6770
stack at sp + 3 slots: 0x00007ffdccca2ef6 ucrtbase.dll
stack at sp + 4 slots: 0x00000081e06d7363 is an unknown value
stack at sp + 5 slots: 0x0 is NULL
stack at sp + 6 slots: 0x00007ffdcc6a478c KERNELBASE.dll
stack at sp + 7 slots: 0x0000006e00000004 is an unknown value


---------------  P R O C E S S  ---------------

Threads class SMR info:
_java_thread_list=0x0000025f5c4e2170, length=19, elements={
0x0000025f400d6770, 0x0000025f5a813260, 0x0000025f59f7b0a0, 0x0000025f5a842c70,
0x0000025f5a843530, 0x0000025f5a843ee0, 0x0000025f5a845de0, 0x0000025f5a846ac0,
0x0000025f5a85a2f0, 0x0000025f5a85c3e0, 0x0000025f5a9bb770, 0x0000025f5aa68540,
0x0000025f5ab57ad0, 0x0000025f5ab5a6d0, 0x0000025f5abfdfe0, 0x0000025f5b3f2200,
0x0000025f5c7aafa0, 0x0000025f5c7ac2e0, 0x0000025f5c7aa600
}

Java Threads: ( => current thread )
=>0x0000025f400d6770 JavaThread "main" [_thread_in_vm, id=28696, stack(0x0000006e11800000,0x0000006e11900000)]
  0x0000025f5a813260 JavaThread "Reference Handler" daemon [_thread_blocked, id=34260, stack(0x0000006e11f00000,0x0000006e12000000)]
  0x0000025f59f7b0a0 JavaThread "Finalizer" daemon [_thread_blocked, id=29296, stack(0x0000006e12000000,0x0000006e12100000)]
  0x0000025f5a842c70 JavaThread "Signal Dispatcher" daemon [_thread_blocked, id=9436, stack(0x0000006e12100000,0x0000006e12200000)]
  0x0000025f5a843530 JavaThread "Attach Listener" daemon [_thread_blocked, id=33988, stack(0x0000006e12200000,0x0000006e12300000)]
  0x0000025f5a843ee0 JavaThread "Service Thread" daemon [_thread_blocked, id=28908, stack(0x0000006e12300000,0x0000006e12400000)]
  0x0000025f5a845de0 JavaThread "Monitor Deflation Thread" daemon [_thread_blocked, id=15468, stack(0x0000006e12400000,0x0000006e12500000)]
  0x0000025f5a846ac0 JavaThread "C2 CompilerThread0" daemon [_thread_in_native, id=32968, stack(0x0000006e12500000,0x0000006e12600000)]
  0x0000025f5a85a2f0 JavaThread "C1 CompilerThread0" daemon [_thread_blocked, id=34160, stack(0x0000006e12600000,0x0000006e12700000)]
  0x0000025f5a85c3e0 JavaThread "Sweeper thread" daemon [_thread_blocked, id=14536, stack(0x0000006e12700000,0x0000006e12800000)]
  0x0000025f5a9bb770 JavaThread "Common-Cleaner" daemon [_thread_blocked, id=34528, stack(0x0000006e12800000,0x0000006e12900000)]
  0x0000025f5aa68540 JavaThread "JDWP Transport Listener: dt_socket" daemon [_thread_blocked, id=34276, stack(0x0000006e12900000,0x0000006e12a00000)]
  0x0000025f5ab57ad0 JavaThread "JDWP Event Helper Thread" daemon [_thread_blocked, id=33572, stack(0x0000006e12a00000,0x0000006e12b00000)]
  0x0000025f5ab5a6d0 JavaThread "JDWP Command Reader" daemon [_thread_in_native, id=33980, stack(0x0000006e12b00000,0x0000006e12c00000)]
  0x0000025f5abfdfe0 JavaThread "Notification Thread" daemon [_thread_blocked, id=28800, stack(0x0000006e12c00000,0x0000006e12d00000)]
  0x0000025f5b3f2200 JavaThread "mysql-cj-abandoned-connection-cleanup" daemon [_thread_blocked, id=31388, stack(0x0000006e12e00000,0x0000006e12f00000)]
  0x0000025f5c7aafa0 JavaThread "Java2D Disposer" daemon [_thread_blocked, id=32088, stack(0x0000006e13600000,0x0000006e13700000)]
  0x0000025f5c7ac2e0 JavaThread "AWT-Shutdown" [_thread_blocked, id=34224, stack(0x0000006e13700000,0x0000006e13800000)]
  0x0000025f5c7aa600 JavaThread "AWT-Windows" daemon [_thread_in_native, id=32744, stack(0x0000006e13800000,0x0000006e13900000)]

Other Threads:
  0x0000025f59f95d00 VMThread "VM Thread" [stack: 0x0000006e11e00000,0x0000006e11f00000] [id=33612]
  0x0000025f400d73f0 WatcherThread [stack: 0x0000006e12d00000,0x0000006e12e00000] [id=32708]
  0x0000025f4010f160 GCTaskThread "GC Thread#0" [stack: 0x0000006e11900000,0x0000006e11a00000] [id=32472]
  0x0000025f5b53c9d0 GCTaskThread "GC Thread#1" [stack: 0x0000006e12f00000,0x0000006e13000000] [id=33712]
  0x0000025f5b3ca460 GCTaskThread "GC Thread#2" [stack: 0x0000006e13000000,0x0000006e13100000] [id=33292]
  0x0000025f5b3f1560 GCTaskThread "GC Thread#3" [stack: 0x0000006e13100000,0x0000006e13200000] [id=33136]
  0x0000025f5b3f1810 GCTaskThread "GC Thread#4" [stack: 0x0000006e13200000,0x0000006e13300000] [id=34064]
  0x0000025f5c76dfb0 GCTaskThread "GC Thread#5" [stack: 0x0000006e13300000,0x0000006e13400000] [id=33516]
  0x0000025f5c85cea0 GCTaskThread "GC Thread#6" [stack: 0x0000006e13400000,0x0000006e13500000] [id=33616]
  0x0000025f5c85d560 GCTaskThread "GC Thread#7" [stack: 0x0000006e13500000,0x0000006e13600000] [id=33468]
  0x0000025f40120340 ConcurrentGCThread "G1 Main Marker" [stack: 0x0000006e11a00000,0x0000006e11b00000] [id=33728]
  0x0000025f40120d50 ConcurrentGCThread "G1 Conc#0" [stack: 0x0000006e11b00000,0x0000006e11c00000] [id=31560]
  0x0000025f401ad4d0 ConcurrentGCThread "G1 Refine#0" [stack: 0x0000006e11c00000,0x0000006e11d00000] [id=34360]
  0x0000025f401adef0 ConcurrentGCThread "G1 Service" [stack: 0x0000006e11d00000,0x0000006e11e00000] [id=34368]

Threads with active compile tasks:
C2 CompilerThread0     1012  761 %     4       org.eclipse.jdt.launching.internal.org.objectweb.asm.ClassReader::readCode @ 1631 (5109 bytes)

VM state: not at safepoint (normal execution)

VM Mutex/Monitor currently owned by a thread: None

Heap address: 0x0000000082800000, size: 2008 MB, Compressed Oops mode: 32-bit

CDS archive(s) not mapped
Compressed class space mapped at: 0x0000000100000000-0x0000000140000000, reserved size: 1073741824
Narrow klass base: 0x0000000000000000, Narrow klass shift: 3, Narrow klass range: 0x140000000

GC Precious Log:
 CPUs: 8 total, 8 available
 Memory: 8029M
 Large Page Support: Disabled
 NUMA Support: Disabled
 Compressed Oops: Enabled (32-bit)
 Heap Region Size: 1M
 Heap Min Capacity: 8M
 Heap Initial Capacity: 126M
 Heap Max Capacity: 2008M
 Pre-touch: Disabled
 Parallel Workers: 8
 Concurrent Workers: 2
 Concurrent Refinement Workers: 8
 Periodic GC: Disabled

Heap:
 garbage-first heap   total 129024K, used 14677K [0x0000000082800000, 0x0000000100000000)
  region size 1024K, 16 young (16384K), 3 survivors (3072K)
 Metaspace       used 16950K, committed 17152K, reserved 1064960K
  class space    used 1568K, committed 1664K, reserved 1048576K

Heap Regions: E=young(eden), S=young(survivor), O=old, HS=humongous(starts), HC=humongous(continues), CS=collection set, F=free, OA=open archive, CA=closed archive, TAMS=top-at-mark-start (previous, next)
|   0|0x0000000082800000, 0x0000000082800000, 0x0000000082900000|  0%| F|  |TAMS 0x0000000082800000, 0x0000000082800000| Untracked 
|   1|0x0000000082900000, 0x0000000082900000, 0x0000000082a00000|  0%| F|  |TAMS 0x0000000082900000, 0x0000000082900000| Untracked 
|   2|0x0000000082a00000, 0x0000000082a00000, 0x0000000082b00000|  0%| F|  |TAMS 0x0000000082a00000, 0x0000000082a00000| Untracked 
|   3|0x0000000082b00000, 0x0000000082b00000, 0x0000000082c00000|  0%| F|  |TAMS 0x0000000082b00000, 0x0000000082b00000| Untracked 
|   4|0x0000000082c00000, 0x0000000082c00000, 0x0000000082d00000|  0%| F|  |TAMS 0x0000000082c00000, 0x0000000082c00000| Untracked 
|   5|0x0000000082d00000, 0x0000000082d00000, 0x0000000082e00000|  0%| F|  |TAMS 0x0000000082d00000, 0x0000000082d00000| Untracked 
|   6|0x0000000082e00000, 0x0000000082e00000, 0x0000000082f00000|  0%| F|  |TAMS 0x0000000082e00000, 0x0000000082e00000| Untracked 
|   7|0x0000000082f00000, 0x0000000082f00000, 0x0000000083000000|  0%| F|  |TAMS 0x0000000082f00000, 0x0000000082f00000| Untracked 
|   8|0x0000000083000000, 0x0000000083000000, 0x0000000083100000|  0%| F|  |TAMS 0x0000000083000000, 0x0000000083000000| Untracked 
|   9|0x0000000083100000, 0x0000000083100000, 0x0000000083200000|  0%| F|  |TAMS 0x0000000083100000, 0x0000000083100000| Untracked 
|  10|0x0000000083200000, 0x0000000083200000, 0x0000000083300000|  0%| F|  |TAMS 0x0000000083200000, 0x0000000083200000| Untracked 
|  11|0x0000000083300000, 0x0000000083300000, 0x0000000083400000|  0%| F|  |TAMS 0x0000000083300000, 0x0000000083300000| Untracked 
|  12|0x0000000083400000, 0x0000000083400000, 0x0000000083500000|  0%| F|  |TAMS 0x0000000083400000, 0x0000000083400000| Untracked 
|  13|0x0000000083500000, 0x0000000083500000, 0x0000000083600000|  0%| F|  |TAMS 0x0000000083500000, 0x0000000083500000| Untracked 
|  14|0x0000000083600000, 0x0000000083600000, 0x0000000083700000|  0%| F|  |TAMS 0x0000000083600000, 0x0000000083600000| Untracked 
|  15|0x0000000083700000, 0x0000000083700000, 0x0000000083800000|  0%| F|  |TAMS 0x0000000083700000, 0x0000000083700000| Untracked 
|  16|0x0000000083800000, 0x0000000083800000, 0x0000000083900000|  0%| F|  |TAMS 0x0000000083800000, 0x0000000083800000| Untracked 
|  17|0x0000000083900000, 0x0000000083900000, 0x0000000083a00000|  0%| F|  |TAMS 0x0000000083900000, 0x0000000083900000| Untracked 
|  18|0x0000000083a00000, 0x0000000083a00000, 0x0000000083b00000|  0%| F|  |TAMS 0x0000000083a00000, 0x0000000083a00000| Untracked 
|  19|0x0000000083b00000, 0x0000000083b00000, 0x0000000083c00000|  0%| F|  |TAMS 0x0000000083b00000, 0x0000000083b00000| Untracked 
|  20|0x0000000083c00000, 0x0000000083c00000, 0x0000000083d00000|  0%| F|  |TAMS 0x0000000083c00000, 0x0000000083c00000| Untracked 
|  21|0x0000000083d00000, 0x0000000083d00000, 0x0000000083e00000|  0%| F|  |TAMS 0x0000000083d00000, 0x0000000083d00000| Untracked 
|  22|0x0000000083e00000, 0x0000000083e00000, 0x0000000083f00000|  0%| F|  |TAMS 0x0000000083e00000, 0x0000000083e00000| Untracked 
|  23|0x0000000083f00000, 0x0000000083f00000, 0x0000000084000000|  0%| F|  |TAMS 0x0000000083f00000, 0x0000000083f00000| Untracked 
|  24|0x0000000084000000, 0x0000000084000000, 0x0000000084100000|  0%| F|  |TAMS 0x0000000084000000, 0x0000000084000000| Untracked 
|  25|0x0000000084100000, 0x0000000084100000, 0x0000000084200000|  0%| F|  |TAMS 0x0000000084100000, 0x0000000084100000| Untracked 
|  26|0x0000000084200000, 0x0000000084200000, 0x0000000084300000|  0%| F|  |TAMS 0x0000000084200000, 0x0000000084200000| Untracked 
|  27|0x0000000084300000, 0x0000000084300000, 0x0000000084400000|  0%| F|  |TAMS 0x0000000084300000, 0x0000000084300000| Untracked 
|  28|0x0000000084400000, 0x0000000084400000, 0x0000000084500000|  0%| F|  |TAMS 0x0000000084400000, 0x0000000084400000| Untracked 
|  29|0x0000000084500000, 0x0000000084500000, 0x0000000084600000|  0%| F|  |TAMS 0x0000000084500000, 0x0000000084500000| Untracked 
|  30|0x0000000084600000, 0x0000000084600000, 0x0000000084700000|  0%| F|  |TAMS 0x0000000084600000, 0x0000000084600000| Untracked 
|  31|0x0000000084700000, 0x0000000084700000, 0x0000000084800000|  0%| F|  |TAMS 0x0000000084700000, 0x0000000084700000| Untracked 
|  32|0x0000000084800000, 0x0000000084800000, 0x0000000084900000|  0%| F|  |TAMS 0x0000000084800000, 0x0000000084800000| Untracked 
|  33|0x0000000084900000, 0x0000000084900000, 0x0000000084a00000|  0%| F|  |TAMS 0x0000000084900000, 0x0000000084900000| Untracked 
|  34|0x0000000084a00000, 0x0000000084a00000, 0x0000000084b00000|  0%| F|  |TAMS 0x0000000084a00000, 0x0000000084a00000| Untracked 
|  35|0x0000000084b00000, 0x0000000084b00000, 0x0000000084c00000|  0%| F|  |TAMS 0x0000000084b00000, 0x0000000084b00000| Untracked 
|  36|0x0000000084c00000, 0x0000000084c00000, 0x0000000084d00000|  0%| F|  |TAMS 0x0000000084c00000, 0x0000000084c00000| Untracked 
|  37|0x0000000084d00000, 0x0000000084d00000, 0x0000000084e00000|  0%| F|  |TAMS 0x0000000084d00000, 0x0000000084d00000| Untracked 
|  38|0x0000000084e00000, 0x0000000084e00000, 0x0000000084f00000|  0%| F|  |TAMS 0x0000000084e00000, 0x0000000084e00000| Untracked 
|  39|0x0000000084f00000, 0x0000000084f00000, 0x0000000085000000|  0%| F|  |TAMS 0x0000000084f00000, 0x0000000084f00000| Untracked 
|  40|0x0000000085000000, 0x0000000085000000, 0x0000000085100000|  0%| F|  |TAMS 0x0000000085000000, 0x0000000085000000| Untracked 
|  41|0x0000000085100000, 0x0000000085100000, 0x0000000085200000|  0%| F|  |TAMS 0x0000000085100000, 0x0000000085100000| Untracked 
|  42|0x0000000085200000, 0x0000000085200000, 0x0000000085300000|  0%| F|  |TAMS 0x0000000085200000, 0x0000000085200000| Untracked 
|  43|0x0000000085300000, 0x0000000085300000, 0x0000000085400000|  0%| F|  |TAMS 0x0000000085300000, 0x0000000085300000| Untracked 
|  44|0x0000000085400000, 0x0000000085400000, 0x0000000085500000|  0%| F|  |TAMS 0x0000000085400000, 0x0000000085400000| Untracked 
|  45|0x0000000085500000, 0x0000000085500000, 0x0000000085600000|  0%| F|  |TAMS 0x0000000085500000, 0x0000000085500000| Untracked 
|  46|0x0000000085600000, 0x0000000085600000, 0x0000000085700000|  0%| F|  |TAMS 0x0000000085600000, 0x0000000085600000| Untracked 
|  47|0x0000000085700000, 0x0000000085700000, 0x0000000085800000|  0%| F|  |TAMS 0x0000000085700000, 0x0000000085700000| Untracked 
|  48|0x0000000085800000, 0x0000000085800000, 0x0000000085900000|  0%| F|  |TAMS 0x0000000085800000, 0x0000000085800000| Untracked 
|  49|0x0000000085900000, 0x0000000085900000, 0x0000000085a00000|  0%| F|  |TAMS 0x0000000085900000, 0x0000000085900000| Untracked 
|  50|0x0000000085a00000, 0x0000000085a00000, 0x0000000085b00000|  0%| F|  |TAMS 0x0000000085a00000, 0x0000000085a00000| Untracked 
|  51|0x0000000085b00000, 0x0000000085b00000, 0x0000000085c00000|  0%| F|  |TAMS 0x0000000085b00000, 0x0000000085b00000| Untracked 
|  52|0x0000000085c00000, 0x0000000085c00000, 0x0000000085d00000|  0%| F|  |TAMS 0x0000000085c00000, 0x0000000085c00000| Untracked 
|  53|0x0000000085d00000, 0x0000000085d00000, 0x0000000085e00000|  0%| F|  |TAMS 0x0000000085d00000, 0x0000000085d00000| Untracked 
|  54|0x0000000085e00000, 0x0000000085e00000, 0x0000000085f00000|  0%| F|  |TAMS 0x0000000085e00000, 0x0000000085e00000| Untracked 
|  55|0x0000000085f00000, 0x0000000085f00000, 0x0000000086000000|  0%| F|  |TAMS 0x0000000085f00000, 0x0000000085f00000| Untracked 
|  56|0x0000000086000000, 0x0000000086000000, 0x0000000086100000|  0%| F|  |TAMS 0x0000000086000000, 0x0000000086000000| Untracked 
|  57|0x0000000086100000, 0x0000000086100000, 0x0000000086200000|  0%| F|  |TAMS 0x0000000086100000, 0x0000000086100000| Untracked 
|  58|0x0000000086200000, 0x0000000086200000, 0x0000000086300000|  0%| F|  |TAMS 0x0000000086200000, 0x0000000086200000| Untracked 
|  59|0x0000000086300000, 0x0000000086300000, 0x0000000086400000|  0%| F|  |TAMS 0x0000000086300000, 0x0000000086300000| Untracked 
|  60|0x0000000086400000, 0x0000000086400000, 0x0000000086500000|  0%| F|  |TAMS 0x0000000086400000, 0x0000000086400000| Untracked 
|  61|0x0000000086500000, 0x0000000086500000, 0x0000000086600000|  0%| F|  |TAMS 0x0000000086500000, 0x0000000086500000| Untracked 
|  62|0x0000000086600000, 0x0000000086600000, 0x0000000086700000|  0%| F|  |TAMS 0x0000000086600000, 0x0000000086600000| Untracked 
|  63|0x0000000086700000, 0x0000000086700000, 0x0000000086800000|  0%| F|  |TAMS 0x0000000086700000, 0x0000000086700000| Untracked 
|  64|0x0000000086800000, 0x0000000086800000, 0x0000000086900000|  0%| F|  |TAMS 0x0000000086800000, 0x0000000086800000| Untracked 
|  65|0x0000000086900000, 0x0000000086900000, 0x0000000086a00000|  0%| F|  |TAMS 0x0000000086900000, 0x0000000086900000| Untracked 
|  66|0x0000000086a00000, 0x0000000086a00000, 0x0000000086b00000|  0%| F|  |TAMS 0x0000000086a00000, 0x0000000086a00000| Untracked 
|  67|0x0000000086b00000, 0x0000000086b00000, 0x0000000086c00000|  0%| F|  |TAMS 0x0000000086b00000, 0x0000000086b00000| Untracked 
|  68|0x0000000086c00000, 0x0000000086c00000, 0x0000000086d00000|  0%| F|  |TAMS 0x0000000086c00000, 0x0000000086c00000| Untracked 
|  69|0x0000000086d00000, 0x0000000086d00000, 0x0000000086e00000|  0%| F|  |TAMS 0x0000000086d00000, 0x0000000086d00000| Untracked 
|  70|0x0000000086e00000, 0x0000000086e00000, 0x0000000086f00000|  0%| F|  |TAMS 0x0000000086e00000, 0x0000000086e00000| Untracked 
|  71|0x0000000086f00000, 0x0000000086f00000, 0x0000000087000000|  0%| F|  |TAMS 0x0000000086f00000, 0x0000000086f00000| Untracked 
|  72|0x0000000087000000, 0x0000000087000000, 0x0000000087100000|  0%| F|  |TAMS 0x0000000087000000, 0x0000000087000000| Untracked 
|  73|0x0000000087100000, 0x0000000087100000, 0x0000000087200000|  0%| F|  |TAMS 0x0000000087100000, 0x0000000087100000| Untracked 
|  74|0x0000000087200000, 0x0000000087200000, 0x0000000087300000|  0%| F|  |TAMS 0x0000000087200000, 0x0000000087200000| Untracked 
|  75|0x0000000087300000, 0x0000000087300000, 0x0000000087400000|  0%| F|  |TAMS 0x0000000087300000, 0x0000000087300000| Untracked 
|  76|0x0000000087400000, 0x0000000087400000, 0x0000000087500000|  0%| F|  |TAMS 0x0000000087400000, 0x0000000087400000| Untracked 
|  77|0x0000000087500000, 0x0000000087500000, 0x0000000087600000|  0%| F|  |TAMS 0x0000000087500000, 0x0000000087500000| Untracked 
|  78|0x0000000087600000, 0x0000000087600000, 0x0000000087700000|  0%| F|  |TAMS 0x0000000087600000, 0x0000000087600000| Untracked 
|  79|0x0000000087700000, 0x0000000087700000, 0x0000000087800000|  0%| F|  |TAMS 0x0000000087700000, 0x0000000087700000| Untracked 
|  80|0x0000000087800000, 0x0000000087800000, 0x0000000087900000|  0%| F|  |TAMS 0x0000000087800000, 0x0000000087800000| Untracked 
|  81|0x0000000087900000, 0x0000000087900000, 0x0000000087a00000|  0%| F|  |TAMS 0x0000000087900000, 0x0000000087900000| Untracked 
|  82|0x0000000087a00000, 0x0000000087a00000, 0x0000000087b00000|  0%| F|  |TAMS 0x0000000087a00000, 0x0000000087a00000| Untracked 
|  83|0x0000000087b00000, 0x0000000087b00000, 0x0000000087c00000|  0%| F|  |TAMS 0x0000000087b00000, 0x0000000087b00000| Untracked 
|  84|0x0000000087c00000, 0x0000000087c00000, 0x0000000087d00000|  0%| F|  |TAMS 0x0000000087c00000, 0x0000000087c00000| Untracked 
|  85|0x0000000087d00000, 0x0000000087d00000, 0x0000000087e00000|  0%| F|  |TAMS 0x0000000087d00000, 0x0000000087d00000| Untracked 
|  86|0x0000000087e00000, 0x0000000087e00000, 0x0000000087f00000|  0%| F|  |TAMS 0x0000000087e00000, 0x0000000087e00000| Untracked 
|  87|0x0000000087f00000, 0x0000000087f00000, 0x0000000088000000|  0%| F|  |TAMS 0x0000000087f00000, 0x0000000087f00000| Untracked 
|  88|0x0000000088000000, 0x0000000088000000, 0x0000000088100000|  0%| F|  |TAMS 0x0000000088000000, 0x0000000088000000| Untracked 
|  89|0x0000000088100000, 0x0000000088100000, 0x0000000088200000|  0%| F|  |TAMS 0x0000000088100000, 0x0000000088100000| Untracked 
|  90|0x0000000088200000, 0x0000000088200000, 0x0000000088300000|  0%| F|  |TAMS 0x0000000088200000, 0x0000000088200000| Untracked 
|  91|0x0000000088300000, 0x0000000088300000, 0x0000000088400000|  0%| F|  |TAMS 0x0000000088300000, 0x0000000088300000| Untracked 
|  92|0x0000000088400000, 0x0000000088400000, 0x0000000088500000|  0%| F|  |TAMS 0x0000000088400000, 0x0000000088400000| Untracked 
|  93|0x0000000088500000, 0x0000000088500000, 0x0000000088600000|  0%| F|  |TAMS 0x0000000088500000, 0x0000000088500000| Untracked 
|  94|0x0000000088600000, 0x0000000088600000, 0x0000000088700000|  0%| F|  |TAMS 0x0000000088600000, 0x0000000088600000| Untracked 
|  95|0x0000000088700000, 0x0000000088700000, 0x0000000088800000|  0%| F|  |TAMS 0x0000000088700000, 0x0000000088700000| Untracked 
|  96|0x0000000088800000, 0x0000000088800000, 0x0000000088900000|  0%| F|  |TAMS 0x0000000088800000, 0x0000000088800000| Untracked 
|  97|0x0000000088900000, 0x0000000088900000, 0x0000000088a00000|  0%| F|  |TAMS 0x0000000088900000, 0x0000000088900000| Untracked 
|  98|0x0000000088a00000, 0x0000000088a00000, 0x0000000088b00000|  0%| F|  |TAMS 0x0000000088a00000, 0x0000000088a00000| Untracked 
|  99|0x0000000088b00000, 0x0000000088b00000, 0x0000000088c00000|  0%| F|  |TAMS 0x0000000088b00000, 0x0000000088b00000| Untracked 
| 100|0x0000000088c00000, 0x0000000088c55540, 0x0000000088d00000| 33%| S|CS|TAMS 0x0000000088c00000, 0x0000000088c00000| Complete 
| 101|0x0000000088d00000, 0x0000000088e00000, 0x0000000088e00000|100%| S|CS|TAMS 0x0000000088d00000, 0x0000000088d00000| Complete 
| 102|0x0000000088e00000, 0x0000000088f00000, 0x0000000088f00000|100%| S|CS|TAMS 0x0000000088e00000, 0x0000000088e00000| Complete 
| 103|0x0000000088f00000, 0x0000000088f00000, 0x0000000089000000|  0%| F|  |TAMS 0x0000000088f00000, 0x0000000088f00000| Untracked 
| 104|0x0000000089000000, 0x0000000089000000, 0x0000000089100000|  0%| F|  |TAMS 0x0000000089000000, 0x0000000089000000| Untracked 
| 105|0x0000000089100000, 0x0000000089100000, 0x0000000089200000|  0%| F|  |TAMS 0x0000000089100000, 0x0000000089100000| Untracked 
| 106|0x0000000089200000, 0x0000000089200000, 0x0000000089300000|  0%| F|  |TAMS 0x0000000089200000, 0x0000000089200000| Untracked 
| 107|0x0000000089300000, 0x0000000089300000, 0x0000000089400000|  0%| F|  |TAMS 0x0000000089300000, 0x0000000089300000| Untracked 
| 108|0x0000000089400000, 0x0000000089400000, 0x0000000089500000|  0%| F|  |TAMS 0x0000000089400000, 0x0000000089400000| Untracked 
| 109|0x0000000089500000, 0x0000000089500000, 0x0000000089600000|  0%| F|  |TAMS 0x0000000089500000, 0x0000000089500000| Untracked 
| 110|0x0000000089600000, 0x0000000089600000, 0x0000000089700000|  0%| F|  |TAMS 0x0000000089600000, 0x0000000089600000| Untracked 
| 111|0x0000000089700000, 0x0000000089700000, 0x0000000089800000|  0%| F|  |TAMS 0x0000000089700000, 0x0000000089700000| Untracked 
| 112|0x0000000089800000, 0x0000000089800000, 0x0000000089900000|  0%| F|  |TAMS 0x0000000089800000, 0x0000000089800000| Untracked 
| 113|0x0000000089900000, 0x00000000899b8d30, 0x0000000089a00000| 72%| E|  |TAMS 0x0000000089900000, 0x0000000089900000| Complete 
| 114|0x0000000089a00000, 0x0000000089b00000, 0x0000000089b00000|100%| E|CS|TAMS 0x0000000089a00000, 0x0000000089a00000| Complete 
| 115|0x0000000089b00000, 0x0000000089c00000, 0x0000000089c00000|100%| E|CS|TAMS 0x0000000089b00000, 0x0000000089b00000| Complete 
| 116|0x0000000089c00000, 0x0000000089d00000, 0x0000000089d00000|100%| E|CS|TAMS 0x0000000089c00000, 0x0000000089c00000| Complete 
| 117|0x0000000089d00000, 0x0000000089e00000, 0x0000000089e00000|100%| E|CS|TAMS 0x0000000089d00000, 0x0000000089d00000| Complete 
| 118|0x0000000089e00000, 0x0000000089f00000, 0x0000000089f00000|100%| E|CS|TAMS 0x0000000089e00000, 0x0000000089e00000| Complete 
| 119|0x0000000089f00000, 0x000000008a000000, 0x000000008a000000|100%| E|CS|TAMS 0x0000000089f00000, 0x0000000089f00000| Complete 
| 120|0x000000008a000000, 0x000000008a100000, 0x000000008a100000|100%| E|CS|TAMS 0x000000008a000000, 0x000000008a000000| Complete 
| 121|0x000000008a100000, 0x000000008a200000, 0x000000008a200000|100%| E|CS|TAMS 0x000000008a100000, 0x000000008a100000| Complete 
| 122|0x000000008a200000, 0x000000008a300000, 0x000000008a300000|100%| E|CS|TAMS 0x000000008a200000, 0x000000008a200000| Complete 
| 123|0x000000008a300000, 0x000000008a400000, 0x000000008a400000|100%| E|CS|TAMS 0x000000008a300000, 0x000000008a300000| Complete 
| 124|0x000000008a400000, 0x000000008a500000, 0x000000008a500000|100%| E|CS|TAMS 0x000000008a400000, 0x000000008a400000| Complete 
| 125|0x000000008a500000, 0x000000008a600000, 0x000000008a600000|100%| E|CS|TAMS 0x000000008a500000, 0x000000008a500000| Complete 

Card table byte_map: [0x0000025f52ea0000,0x0000025f53290000] _byte_map_base: 0x0000025f52a8c000

Marking Bits (Prev, Next): (CMBitMap*) 0x0000025f4010f770, (CMBitMap*) 0x0000025f4010f7b0
 Prev Bits: [0x0000025f53680000, 0x0000025f555e0000)
 Next Bits: [0x0000025f555e0000, 0x0000025f57540000)

Polling page: 0x0000025f3dfe0000

Metaspace:

Usage:
  Non-class:     15.02 MB used.
      Class:      1.53 MB used.
       Both:     16.55 MB used.

Virtual space:
  Non-class space:       16.00 MB reserved,      15.12 MB ( 95%) committed,  2 nodes.
      Class space:        1.00 GB reserved,       1.62 MB ( <1%) committed,  1 nodes.
             Both:        1.02 GB reserved,      16.75 MB (  2%) committed. 

Chunk freelists:
   Non-Class:  466.00 KB
       Class:  2.43 MB
        Both:  2.89 MB

MaxMetaspaceSize: unlimited
CompressedClassSpaceSize: 1.00 GB
Initial GC threshold: 21.00 MB
Current GC threshold: 21.00 MB
CDS: off
MetaspaceReclaimPolicy: balanced
 - commit_granule_bytes: 65536.
 - commit_granule_words: 8192.
 - virtual_space_node_default_size: 1048576.
 - enlarge_chunks_in_place: 1.
 - new_chunks_are_fully_committed: 0.
 - uncommit_free_chunks: 1.
 - use_allocation_guard: 0.
 - handle_deallocations: 1.


Internal statistics:

num_allocs_failed_limit: 0.
num_arena_births: 84.
num_arena_deaths: 0.
num_vsnodes_births: 3.
num_vsnodes_deaths: 0.
num_space_committed: 268.
num_space_uncommitted: 0.
num_chunks_returned_to_freelist: 0.
num_chunks_taken_from_freelist: 259.
num_chunk_merges: 0.
num_chunk_splits: 161.
num_chunks_enlarged: 113.
num_purges: 0.
num_inconsistent_stats: 0.

CodeHeap 'non-profiled nmethods': size=120000Kb used=325Kb max_used=325Kb free=119674Kb
 bounds [0x0000025f4b250000, 0x0000025f4b4c0000, 0x0000025f52780000]
CodeHeap 'profiled nmethods': size=120000Kb used=2263Kb max_used=2263Kb free=117736Kb
 bounds [0x0000025f43d20000, 0x0000025f43f90000, 0x0000025f4b250000]
CodeHeap 'non-nmethods': size=5760Kb used=1292Kb max_used=1292Kb free=4467Kb
 bounds [0x0000025f43780000, 0x0000025f439f0000, 0x0000025f43d20000]
 total_blobs=1661 nmethods=1124 adapters=450
 compilation: enabled
              stopped_count=0, restarted_count=0
 full_count=0

Compilation events (20 events):
Event: 0.767 Thread 0x0000025f5a85a2f0 1130       2       sun.invoke.util.VerifyAccess::isSamePackage (37 bytes)
Event: 0.767 Thread 0x0000025f5a85a2f0 nmethod 1130 0x0000025f43f52510 code [0x0000025f43f52720, 0x0000025f43f52cf8]
Event: 0.767 Thread 0x0000025f5a85a2f0 1132       2       jdk.internal.org.objectweb.asm.Frame::pop (44 bytes)
Event: 0.767 Thread 0x0000025f5a85a2f0 nmethod 1132 0x0000025f43f53090 code [0x0000025f43f53220, 0x0000025f43f53378]
Event: 0.767 Thread 0x0000025f5a85a2f0 1125       2       jdk.internal.org.objectweb.asm.MethodWriter::visitInsn (115 bytes)
Event: 0.768 Thread 0x0000025f5a85a2f0 nmethod 1125 0x0000025f43f53410 code [0x0000025f43f535e0, 0x0000025f43f53848]
Event: 0.776 Thread 0x0000025f5a85a2f0 1138       2       java.lang.invoke.MemberName::getModifiers (8 bytes)
Event: 0.776 Thread 0x0000025f5a85a2f0 nmethod 1138 0x0000025f43f53990 code [0x0000025f43f53b20, 0x0000025f43f53c38]
Event: 0.780 Thread 0x0000025f5a85a2f0 1139       2       java.lang.Class::getReflectionFactory (26 bytes)
Event: 0.780 Thread 0x0000025f5a85a2f0 nmethod 1139 0x0000025f43f53d10 code [0x0000025f43f53ec0, 0x0000025f43f54118]
Event: 0.793 Thread 0x0000025f5a85a2f0 1141       2       java.lang.invoke.MethodHandles$Lookup::checkSymbolicClass (25 bytes)
Event: 0.793 Thread 0x0000025f5a85a2f0 nmethod 1141 0x0000025f43f54290 code [0x0000025f43f54460, 0x0000025f43f54668]
Event: 0.794 Thread 0x0000025f5a85a2f0 1143       2       java.lang.invoke.MethodHandles$Lookup::checkAccess (232 bytes)
Event: 0.795 Thread 0x0000025f5a85a2f0 nmethod 1143 0x0000025f43f54790 code [0x0000025f43f549e0, 0x0000025f43f54f98]
Event: 0.810 Thread 0x0000025f5a85a2f0 1144       2       java.lang.invoke.MemberName::isCallerSensitive (8 bytes)
Event: 0.810 Thread 0x0000025f5a85a2f0 nmethod 1144 0x0000025f43f55310 code [0x0000025f43f554a0, 0x0000025f43f555d8]
Event: 0.852 Thread 0x0000025f5a85a2f0 1145       2       java.lang.Class::getComponentType (14 bytes)
Event: 0.852 Thread 0x0000025f5a85a2f0 nmethod 1145 0x0000025f43f55690 code [0x0000025f43f55840, 0x0000025f43f559a8]
Event: 0.852 Thread 0x0000025f5a85a2f0 1146       2       java.util.ImmutableCollections$List12::size (16 bytes)
Event: 0.852 Thread 0x0000025f5a85a2f0 nmethod 1146 0x0000025f43f55a90 code [0x0000025f43f55c20, 0x0000025f43f55d38]

GC Heap History (2 events):
Event: 0.639 GC heap before
{Heap before GC invocations=0 (full 0):
 garbage-first heap   total 129024K, used 22528K [0x0000000082800000, 0x0000000100000000)
  region size 1024K, 23 young (23552K), 0 survivors (0K)
 Metaspace       used 13447K, committed 13696K, reserved 1064960K
  class space    used 1202K, committed 1344K, reserved 1048576K
}
Event: 0.642 GC heap after
{Heap after GC invocations=1 (full 0):
 garbage-first heap   total 129024K, used 2389K [0x0000000082800000, 0x0000000100000000)
  region size 1024K, 3 young (3072K), 3 survivors (3072K)
 Metaspace       used 13447K, committed 13696K, reserved 1064960K
  class space    used 1202K, committed 1344K, reserved 1048576K
}

Deoptimization events (20 events):
Event: 0.494 Thread 0x0000025f400d6770 DEOPT PACKING pc=0x0000025f43d577d6 sp=0x0000006e118fba10
Event: 0.494 Thread 0x0000025f400d6770 DEOPT UNPACKING pc=0x0000025f437d2b43 sp=0x0000006e118faeb0 mode 0
Event: 0.495 Thread 0x0000025f400d6770 DEOPT PACKING pc=0x0000025f43d577d6 sp=0x0000006e118fba10
Event: 0.495 Thread 0x0000025f400d6770 DEOPT UNPACKING pc=0x0000025f437d2b43 sp=0x0000006e118faeb0 mode 0
Event: 0.523 Thread 0x0000025f400d6770 DEOPT PACKING pc=0x0000025f43d577d6 sp=0x0000006e118f86b0
Event: 0.523 Thread 0x0000025f400d6770 DEOPT UNPACKING pc=0x0000025f437d2b43 sp=0x0000006e118f7b50 mode 0
Event: 0.550 Thread 0x0000025f400d6770 DEOPT PACKING pc=0x0000025f43dcebbe sp=0x0000006e118fd150
Event: 0.550 Thread 0x0000025f400d6770 DEOPT UNPACKING pc=0x0000025f437d2b43 sp=0x0000006e118fc5f0 mode 0
Event: 0.615 Thread 0x0000025f400d6770 Uncommon trap: trap_request=0xffffff45 fr.pc=0x0000025f4b265f98 relative=0x00000000000000f8
Event: 0.615 Thread 0x0000025f400d6770 Uncommon trap: reason=unstable_if action=reinterpret pc=0x0000025f4b265f98 method=java.lang.CharacterDataLatin1.digit(II)I @ 12 c2
Event: 0.615 Thread 0x0000025f400d6770 DEOPT PACKING pc=0x0000025f4b265f98 sp=0x0000006e118fe930
Event: 0.615 Thread 0x0000025f400d6770 DEOPT UNPACKING pc=0x0000025f437d23a3 sp=0x0000006e118fe7f8 mode 2
Event: 0.658 Thread 0x0000025f400d6770 Uncommon trap: trap_request=0xffffff45 fr.pc=0x0000025f4b27e930 relative=0x0000000000000970
Event: 0.658 Thread 0x0000025f400d6770 Uncommon trap: reason=unstable_if action=reinterpret pc=0x0000025f4b27e930 method=java.lang.String.<init>([CIILjava/lang/Void;)V @ 43 c2
Event: 0.658 Thread 0x0000025f400d6770 DEOPT PACKING pc=0x0000025f4b27e930 sp=0x0000006e118fc280
Event: 0.658 Thread 0x0000025f400d6770 DEOPT UNPACKING pc=0x0000025f437d23a3 sp=0x0000006e118fc0f0 mode 2
Event: 0.658 Thread 0x0000025f400d6770 Uncommon trap: trap_request=0xffffff45 fr.pc=0x0000025f4b2595bc relative=0x000000000000023c
Event: 0.658 Thread 0x0000025f400d6770 Uncommon trap: reason=unstable_if action=reinterpret pc=0x0000025f4b2595bc method=java.lang.String.isLatin1()Z @ 10 c2
Event: 0.658 Thread 0x0000025f400d6770 DEOPT PACKING pc=0x0000025f4b2595bc sp=0x0000006e118fc290
Event: 0.658 Thread 0x0000025f400d6770 DEOPT UNPACKING pc=0x0000025f437d23a3 sp=0x0000006e118fc1c0 mode 2

Classes unloaded (0 events):
No events

Classes redefined (0 events):
No events

Internal exceptions (9 events):
Event: 0.483 Thread 0x0000025f400d6770 Exception <a 'java/lang/NoSuchMethodError'{0x0000000089c64b18}: 'java.lang.Object java.lang.invoke.DirectMethodHandle$Holder.invokeStaticInit(java.lang.Object)'> (0x0000000089c64b18) 
thrown [e:\jenkins\tmp\workspace\build\src\src\hotspot\share\interpreter\linkResolver.cpp, line 766]
Event: 0.483 Thread 0x0000025f400d6770 Exception <a 'java/lang/NoSuchMethodError'{0x0000000089c6baa0}: 'java.lang.Object java.lang.invoke.DirectMethodHandle$Holder.invokeInterface(java.lang.Object, java.lang.Object)'> (0x0000000089c6baa0) 
thrown [e:\jenkins\tmp\workspace\build\src\src\hotspot\share\interpreter\linkResolver.cpp, line 766]
Event: 0.500 Thread 0x0000025f400d6770 Exception <a 'java/lang/NoSuchMethodError'{0x0000000089b290e0}: 'void java.lang.invoke.DirectMethodHandle$Holder.invokeSpecial(java.lang.Object, java.lang.Object, java.lang.Object)'> (0x0000000089b290e0) 
thrown [e:\jenkins\tmp\workspace\build\src\src\hotspot\share\interpreter\linkResolver.cpp, line 766]
Event: 0.500 Thread 0x0000025f400d6770 Exception <a 'java/lang/NoSuchMethodError'{0x0000000089b30770}: 'void java.lang.invoke.DirectMethodHandle$Holder.invokeStatic(java.lang.Object, java.lang.Object, java.lang.Object)'> (0x0000000089b30770) 
thrown [e:\jenkins\tmp\workspace\build\src\src\hotspot\share\interpreter\linkResolver.cpp, line 766]
Event: 0.501 Thread 0x0000025f400d6770 Exception <a 'java/lang/NoSuchMethodError'{0x0000000089b3b5e0}: 'java.lang.Object java.lang.invoke.DirectMethodHandle$Holder.invokeVirtual(java.lang.Object, java.lang.Object, java.lang.Object)'> (0x0000000089b3b5e0) 
thrown [e:\jenkins\tmp\workspace\build\src\src\hotspot\share\interpreter\linkResolver.cpp, line 766]
Event: 0.626 Thread 0x0000025f400d6770 Exception <a 'java/lang/NoSuchMethodError'{0x00000000890b6718}: 'void java.lang.invoke.DirectMethodHandle$Holder.invokeStatic(java.lang.Object, java.lang.Object)'> (0x00000000890b6718) 
thrown [e:\jenkins\tmp\workspace\build\src\src\hotspot\share\interpreter\linkResolver.cpp, line 766]
Event: 0.744 Thread 0x0000025f400d6770 Exception <a 'java/lang/ClassNotFoundException'{0x0000000089b8b428}: sun/awt/resources/spi/awtProvider> (0x0000000089b8b428) 
thrown [e:\jenkins\tmp\workspace\build\src\src\hotspot\share\classfile\systemDictionary.cpp, line 256]
Event: 0.752 Thread 0x0000025f400d6770 Exception <a 'java/io/FileNotFoundException'{0x0000000089bc0500}> (0x0000000089bc0500) 
thrown [e:\jenkins\tmp\workspace\build\src\src\hotspot\share\prims\jni.cpp, line 516]
Event: 0.756 Thread 0x0000025f400d6770 Exception <a 'java/io/FileNotFoundException'{0x0000000089bef598}> (0x0000000089bef598) 
thrown [e:\jenkins\tmp\workspace\build\src\src\hotspot\share\prims\jni.cpp, line 516]

VM Operations (14 events):
Event: 0.149 Executing VM operation: HandshakeAllThreads
Event: 0.149 Executing VM operation: HandshakeAllThreads done
Event: 0.166 Executing VM operation: ChangeBreakpoints
Event: 0.166 Executing VM operation: ChangeBreakpoints done
Event: 0.259 Executing VM operation: ChangeBreakpoints
Event: 0.259 Executing VM operation: ChangeBreakpoints done
Event: 0.445 Executing VM operation: HandshakeAllThreads
Event: 0.445 Executing VM operation: HandshakeAllThreads done
Event: 0.463 Executing VM operation: HandshakeAllThreads
Event: 0.463 Executing VM operation: HandshakeAllThreads done
Event: 0.614 Executing VM operation: HandshakeAllThreads
Event: 0.614 Executing VM operation: HandshakeAllThreads done
Event: 0.638 Executing VM operation: G1CollectForAllocation
Event: 0.642 Executing VM operation: G1CollectForAllocation done

Events (20 events):
Event: 0.809 loading class java/lang/Shutdown$Lock
Event: 0.809 loading class java/lang/Shutdown$Lock done
Event: 0.849 loading class sun/java2d/d3d/D3DRenderQueue
Event: 0.850 loading class sun/java2d/pipe/RenderQueue
Event: 0.850 loading class sun/java2d/pipe/RenderQueue done
Event: 0.850 loading class sun/java2d/d3d/D3DRenderQueue done
Event: 0.850 loading class sun/java2d/pipe/RenderBuffer
Event: 0.850 loading class sun/java2d/pipe/RenderBuffer done
Event: 0.850 loading class sun/java2d/d3d/D3DRenderQueue$1
Event: 0.850 loading class sun/java2d/d3d/D3DRenderQueue$1 done
Event: 0.851 loading class sun/java2d/d3d/D3DGraphicsDevice$1Result
Event: 0.851 loading class sun/java2d/d3d/D3DGraphicsDevice$1Result done
Event: 0.851 loading class sun/java2d/d3d/D3DGraphicsDevice$1
Event: 0.851 loading class sun/java2d/d3d/D3DGraphicsDevice$1 done
Event: 0.851 loading class sun/java2d/d3d/D3DContext$D3DContextCaps
Event: 0.851 loading class sun/java2d/pipe/hw/ContextCapabilities
Event: 0.851 loading class sun/java2d/pipe/hw/ContextCapabilities done
Event: 0.851 loading class sun/java2d/d3d/D3DContext$D3DContextCaps done
Event: 0.939 loading class sun/java2d/d3d/D3DContext
Event: 0.939 loading class sun/java2d/pipe/BufferedContext


Dynamic libraries:
0x00007ff670c00000 - 0x00007ff670c0e000 	C:\Users\ma\.p2\pool\plugins\org.eclipse.justj.openjdk.hotspot.jre.full.win32.x86_64_17.0.1.v20211116-1657\jre\bin\javaw.exe
0x00007ffdcef20000 - 0x00007ffdcf127000 	C:\WINDOWS\SYSTEM32\ntdll.dll
0x00007ffdcddc0000 - 0x00007ffdcde7d000 	C:\WINDOWS\System32\KERNEL32.DLL
0x00007ffdcc660000 - 0x00007ffdcc9d4000 	C:\WINDOWS\System32\KERNELBASE.dll
0x00007ffdccca0000 - 0x00007ffdccdb1000 	C:\WINDOWS\System32\ucrtbase.dll
0x00007ffda1d70000 - 0x00007ffda1d88000 	C:\Users\ma\.p2\pool\plugins\org.eclipse.justj.openjdk.hotspot.jre.full.win32.x86_64_17.0.1.v20211116-1657\jre\bin\jli.dll
0x00007ffdb8000000 - 0x00007ffdb8019000 	C:\Users\ma\.p2\pool\plugins\org.eclipse.justj.openjdk.hotspot.jre.full.win32.x86_64_17.0.1.v20211116-1657\jre\bin\VCRUNTIME140.dll
0x00007ffdcdbb0000 - 0x00007ffdcdd5c000 	C:\WINDOWS\System32\USER32.dll
0x00007ffdb8840000 - 0x00007ffdb8ae5000 	C:\WINDOWS\WinSxS\amd64_microsoft.windows.common-controls_6595b64144ccf1df_6.0.22000.120_none_9d947278b86cc467\COMCTL32.dll
0x00007ffdcca60000 - 0x00007ffdcca86000 	C:\WINDOWS\System32\win32u.dll
0x00007ffdce9c0000 - 0x00007ffdcea63000 	C:\WINDOWS\System32\msvcrt.dll
0x00007ffdce670000 - 0x00007ffdce699000 	C:\WINDOWS\System32\GDI32.dll
0x00007ffdcc540000 - 0x00007ffdcc652000 	C:\WINDOWS\System32\gdi32full.dll
0x00007ffdcca90000 - 0x00007ffdccb2d000 	C:\WINDOWS\System32\msvcp_win.dll
0x00007ffdccdc0000 - 0x00007ffdccdf1000 	C:\WINDOWS\System32\IMM32.DLL
0x00007ffdb4800000 - 0x00007ffdb480c000 	C:\Users\ma\.p2\pool\plugins\org.eclipse.justj.openjdk.hotspot.jre.full.win32.x86_64_17.0.1.v20211116-1657\jre\bin\vcruntime140_1.dll
0x00007ffd76fa0000 - 0x00007ffd77031000 	C:\Users\ma\.p2\pool\plugins\org.eclipse.justj.openjdk.hotspot.jre.full.win32.x86_64_17.0.1.v20211116-1657\jre\bin\msvcp140.dll
0x00007ffd66820000 - 0x00007ffd67466000 	C:\Users\ma\.p2\pool\plugins\org.eclipse.justj.openjdk.hotspot.jre.full.win32.x86_64_17.0.1.v20211116-1657\jre\bin\server\jvm.dll
0x00007ffdcd5b0000 - 0x00007ffdcd65e000 	C:\WINDOWS\System32\ADVAPI32.dll
0x00007ffdcecc0000 - 0x00007ffdced5e000 	C:\WINDOWS\System32\sechost.dll
0x00007ffdce050000 - 0x00007ffdce170000 	C:\WINDOWS\System32\RPCRT4.dll
0x00007ffdce6a0000 - 0x00007ffdce6a8000 	C:\WINDOWS\System32\PSAPI.DLL
0x00007ffdb24c0000 - 0x00007ffdb24c9000 	C:\WINDOWS\SYSTEM32\WSOCK32.dll
0x00007ffdc6850000 - 0x00007ffdc6883000 	C:\WINDOWS\SYSTEM32\WINMM.dll
0x00007ffdc4800000 - 0x00007ffdc480a000 	C:\WINDOWS\SYSTEM32\VERSION.dll
0x00007ffdcec50000 - 0x00007ffdcecbf000 	C:\WINDOWS\System32\WS2_32.dll
0x00007ffdcb5c0000 - 0x00007ffdcb5d8000 	C:\WINDOWS\SYSTEM32\kernel.appcore.dll
0x00007ffdbcf50000 - 0x00007ffdbcf5a000 	C:\Users\ma\.p2\pool\plugins\org.eclipse.justj.openjdk.hotspot.jre.full.win32.x86_64_17.0.1.v20211116-1657\jre\bin\jimage.dll
0x00007ffdc9a70000 - 0x00007ffdc9c91000 	C:\WINDOWS\SYSTEM32\DBGHELP.DLL
0x00007ffdb0d10000 - 0x00007ffdb0d41000 	C:\WINDOWS\SYSTEM32\dbgcore.DLL
0x00007ffdcc9e0000 - 0x00007ffdcca5f000 	C:\WINDOWS\System32\bcryptPrimitives.dll
0x00007ffd8aff0000 - 0x00007ffd8b02b000 	C:\Users\ma\.p2\pool\plugins\org.eclipse.justj.openjdk.hotspot.jre.full.win32.x86_64_17.0.1.v20211116-1657\jre\bin\jdwp.dll
0x00007ffdb3c90000 - 0x00007ffdb3c9e000 	C:\Users\ma\.p2\pool\plugins\org.eclipse.justj.openjdk.hotspot.jre.full.win32.x86_64_17.0.1.v20211116-1657\jre\bin\instrument.dll
0x00007ffdb5510000 - 0x00007ffdb5535000 	C:\Users\ma\.p2\pool\plugins\org.eclipse.justj.openjdk.hotspot.jre.full.win32.x86_64_17.0.1.v20211116-1657\jre\bin\java.dll
0x00007ffdba2e0000 - 0x00007ffdba2f8000 	C:\Users\ma\.p2\pool\plugins\org.eclipse.justj.openjdk.hotspot.jre.full.win32.x86_64_17.0.1.v20211116-1657\jre\bin\zip.dll
0x00007ffdcce00000 - 0x00007ffdcd5ae000 	C:\WINDOWS\System32\SHELL32.dll
0x00007ffdca550000 - 0x00007ffdcadb7000 	C:\WINDOWS\SYSTEM32\windows.storage.dll
0x00007ffdce170000 - 0x00007ffdce4e8000 	C:\WINDOWS\System32\combase.dll
0x00007ffdca3e0000 - 0x00007ffdca546000 	C:\WINDOWS\SYSTEM32\wintypes.dll
0x00007ffdceb60000 - 0x00007ffdcec4a000 	C:\WINDOWS\System32\SHCORE.dll
0x00007ffdced60000 - 0x00007ffdcedbd000 	C:\WINDOWS\System32\shlwapi.dll
0x00007ffdcc340000 - 0x00007ffdcc361000 	C:\WINDOWS\SYSTEM32\profapi.dll
0x00007ffdb2f40000 - 0x00007ffdb2f4c000 	C:\Users\ma\.p2\pool\plugins\org.eclipse.justj.openjdk.hotspot.jre.full.win32.x86_64_17.0.1.v20211116-1657\jre\bin\dt_socket.dll
0x00007ffdcb130000 - 0x00007ffdcb15d000 	C:\WINDOWS\SYSTEM32\IPHLPAPI.DLL
0x00007ffdcb9f0000 - 0x00007ffdcba57000 	C:\WINDOWS\system32\mswsock.dll
0x00007ffdcb160000 - 0x00007ffdcb247000 	C:\WINDOWS\SYSTEM32\DNSAPI.dll
0x00007ffdce660000 - 0x00007ffdce669000 	C:\WINDOWS\System32\NSI.dll
0x00007ffdbcc10000 - 0x00007ffdbcc1a000 	C:\Windows\System32\rasadhlp.dll
0x00007ffdc5850000 - 0x00007ffdc58d1000 	C:\WINDOWS\System32\fwpuclnt.dll
0x00007ffdba280000 - 0x00007ffdba299000 	C:\Users\ma\.p2\pool\plugins\org.eclipse.justj.openjdk.hotspot.jre.full.win32.x86_64_17.0.1.v20211116-1657\jre\bin\net.dll
0x00007ffdc6f90000 - 0x00007ffdc709c000 	C:\WINDOWS\SYSTEM32\WINHTTP.dll
0x00007ffdb7d40000 - 0x00007ffdb7d55000 	C:\Users\ma\.p2\pool\plugins\org.eclipse.justj.openjdk.hotspot.jre.full.win32.x86_64_17.0.1.v20211116-1657\jre\bin\nio.dll
0x00007ffdbc3b0000 - 0x00007ffdbc3c0000 	C:\Users\ma\.p2\pool\plugins\org.eclipse.justj.openjdk.hotspot.jre.full.win32.x86_64_17.0.1.v20211116-1657\jre\bin\verify.dll
0x00007ffd6da60000 - 0x00007ffd6dbee000 	C:\Users\ma\.p2\pool\plugins\org.eclipse.justj.openjdk.hotspot.jre.full.win32.x86_64_17.0.1.v20211116-1657\jre\bin\awt.dll
0x00007ffdce4f0000 - 0x00007ffdce5c6000 	C:\WINDOWS\System32\OLEAUT32.dll
0x00007ffdc9580000 - 0x00007ffdc9611000 	C:\WINDOWS\SYSTEM32\apphelp.dll
0x00007ffdc9ed0000 - 0x00007ffdc9eff000 	C:\WINDOWS\system32\DWMAPI.DLL
0x00007ffdc96d0000 - 0x00007ffdc977c000 	C:\WINDOWS\system32\uxtheme.dll
0x00007ffd9f840000 - 0x00007ffd9f941000 	C:\WINDOWS\system32\opengl32.dll
0x00007ffdb0c70000 - 0x00007ffdb0c9d000 	C:\WINDOWS\SYSTEM32\GLU32.dll
0x00007ffdc9940000 - 0x00007ffdc9978000 	C:\WINDOWS\SYSTEM32\dxcore.dll
0x00007ffdcedc0000 - 0x00007ffdceede000 	C:\WINDOWS\System32\MSCTF.dll
0x00007ffdce6b0000 - 0x00007ffdce84a000 	C:\WINDOWS\System32\ole32.dll
0x00007ffdbadd0000 - 0x00007ffdbaf76000 	C:\WINDOWS\system32\d3d9.dll
0x00007ffdbaab0000 - 0x00007ffdbabb6000 	C:\WINDOWS\System32\DriverStore\FileRepository\nvami.inf_amd64_39f6d2586ed0b7d9\nvldumdx.dll
0x00007ffdcbcd0000 - 0x00007ffdcbce2000 	C:\WINDOWS\SYSTEM32\msasn1.dll
0x00007ffdc42f0000 - 0x00007ffdc4321000 	C:\WINDOWS\SYSTEM32\cryptnet.dll
0x00007ffdccb30000 - 0x00007ffdccc92000 	C:\WINDOWS\System32\CRYPT32.dll
0x00007ffdbd720000 - 0x00007ffdbd869000 	C:\WINDOWS\SYSTEM32\drvstore.dll
0x00007ffdcc0e0000 - 0x00007ffdcc10c000 	C:\WINDOWS\SYSTEM32\devobj.dll
0x00007ffdcc110000 - 0x00007ffdcc15c000 	C:\WINDOWS\SYSTEM32\cfgmgr32.dll
0x00007ffdcbd40000 - 0x00007ffdcbd7d000 	C:\WINDOWS\SYSTEM32\wldp.dll
0x00007ffdcbc70000 - 0x00007ffdcbc7c000 	C:\WINDOWS\SYSTEM32\cryptbase.dll
0x00007ffdcc410000 - 0x00007ffdcc476000 	C:\WINDOWS\System32\WINTRUST.DLL
0x00007ffdcea70000 - 0x00007ffdcea8f000 	C:\WINDOWS\System32\imagehlp.dll
0x00007ffdcbc50000 - 0x00007ffdcbc68000 	C:\WINDOWS\SYSTEM32\CRYPTSP.dll
0x00007ffdcb520000 - 0x00007ffdcb555000 	C:\WINDOWS\system32\rsaenh.dll
0x00007ffdcbdf0000 - 0x00007ffdcbe17000 	C:\WINDOWS\SYSTEM32\bcrypt.dll
0x00007ffd53b30000 - 0x00007ffd552c5000 	C:\WINDOWS\System32\DriverStore\FileRepository\nvami.inf_amd64_39f6d2586ed0b7d9\nvd3dumx.dll
0x00007ffdc6890000 - 0x00007ffdc68d4000 	C:\WINDOWS\SYSTEM32\directxdatabasehelper.dll
0x00007ffdc9cc0000 - 0x00007ffdc9cf4000 	C:\WINDOWS\SYSTEM32\ntmarta.dll
0x00007ffd6c340000 - 0x00007ffd6c4a5000 	C:\WINDOWS\System32\DriverStore\FileRepository\iigd_dch.inf_amd64_034e16382545a6a5\igdumdim64.dll
0x00007ffd2c710000 - 0x00007ffd30331000 	C:\WINDOWS\System32\DriverStore\FileRepository\iigd_dch.inf_amd64_034e16382545a6a5\igd9dxva64.dll
0x00007ffdcd6d0000 - 0x00007ffdcdb3b000 	C:\WINDOWS\System32\SETUPAPI.dll
0x00007ffdc1320000 - 0x00007ffdc16ed000 	C:\WINDOWS\System32\DriverStore\FileRepository\iigd_dch.inf_amd64_034e16382545a6a5\igdgmm64.dll
0x00007ffd5cdd0000 - 0x00007ffd5d095000 	C:\WINDOWS\system32\nvspcap64.dll
0x00007ffdcba80000 - 0x00007ffdcbaa4000 	C:\WINDOWS\SYSTEM32\gpapi.dll

dbghelp: loaded successfully - version: 4.0.5 - missing functions: none
symbol engine: initialized successfully - sym options: 0x614 - pdb path: .;C:\Users\ma\.p2\pool\plugins\org.eclipse.justj.openjdk.hotspot.jre.full.win32.x86_64_17.0.1.v20211116-1657\jre\bin;C:\WINDOWS\SYSTEM32;C:\WINDOWS\WinSxS\amd64_microsoft.windows.common-controls_6595b64144ccf1df_6.0.22000.120_none_9d947278b86cc467;C:\Users\ma\.p2\pool\plugins\org.eclipse.justj.openjdk.hotspot.jre.full.win32.x86_64_17.0.1.v20211116-1657\jre\bin\server;C:\WINDOWS\System32\DriverStore\FileRepository\nvami.inf_amd64_39f6d2586ed0b7d9;C:\WINDOWS\System32\DriverStore\FileRepository\iigd_dch.inf_amd64_034e16382545a6a5

VM Arguments:
jvm_args: -XX:+ShowCodeDetailsInExceptionMessages -agentlib:jdwp=transport=dt_socket,suspend=y,address=localhost:64524 -javaagent:C:\Users\ma\eclipse\java-2021-09\eclipse\configuration\org.eclipse.osgi\222\0\.cp\lib\javaagent-shaded.jar -Dfile.encoding=Cp1252 
java_command: GUI_Panels.StudentPanel
java_class_path (initial): C:\Users\ma\OneDrive\Documents\Object Oriented Design and Programming\C_Management\Course Management\bin;C:\Program Files\MySQLJDBC\mysql-connector-java-8.0.27\mysql-connector-java-8.0.27.jar
Launcher Type: SUN_STANDARD

[Global flags]
     intx CICompilerCount                          = 4                                         {product} {ergonomic}
     uint ConcGCThreads                            = 2                                         {product} {ergonomic}
     uint G1ConcRefinementThreads                  = 8                                         {product} {ergonomic}
   size_t G1HeapRegionSize                         = 1048576                                   {product} {ergonomic}
    uintx GCDrainStackTargetSize                   = 64                                        {product} {ergonomic}
   size_t InitialHeapSize                          = 132120576                                 {product} {ergonomic}
   size_t MarkStackSize                            = 4194304                                   {product} {ergonomic}
   size_t MaxHeapSize                              = 2105540608                                {product} {ergonomic}
   size_t MaxNewSize                               = 1262485504                                {product} {ergonomic}
   size_t MinHeapDeltaBytes                        = 1048576                                   {product} {ergonomic}
   size_t MinHeapSize                              = 8388608                                   {product} {ergonomic}
    uintx NonNMethodCodeHeapSize                   = 5839372                                {pd product} {ergonomic}
    uintx NonProfiledCodeHeapSize                  = 122909434                              {pd product} {ergonomic}
    uintx ProfiledCodeHeapSize                     = 122909434                              {pd product} {ergonomic}
    uintx ReservedCodeCacheSize                    = 251658240                              {pd product} {ergonomic}
     bool SegmentedCodeCache                       = true                                      {product} {ergonomic}
     bool ShowCodeDetailsInExceptionMessages       = true                                   {manageable} {command line}
   size_t SoftMaxHeapSize                          = 2105540608                             {manageable} {ergonomic}
     bool UseCompressedClassPointers               = true                           {product lp64_product} {ergonomic}
     bool UseCompressedOops                        = true                           {product lp64_product} {ergonomic}
     bool UseG1GC                                  = true                                      {product} {ergonomic}
     bool UseLargePagesIndividualAllocation        = false                                  {pd product} {ergonomic}

Logging:
Log output configuration:
 #0: stdout all=warning uptime,level,tags
 #1: stderr all=off uptime,level,tags

Environment Variables:
PATH=C:\Users\ma\.p2\pool\plugins\org.eclipse.justj.openjdk.hotspot.jre.full.win32.x86_64_17.0.1.v20211116-1657\jre\bin;C:/Users/ma/.p2/pool/plugins/org.eclipse.justj.openjdk.hotspot.jre.full.win32.x86_64_17.0.1.v20211116-1657/jre/bin/server;C:/Users/ma/.p2/pool/plugins/org.eclipse.justj.openjdk.hotspot.jre.full.win32.x86_64_17.0.1.v20211116-1657/jre/bin;C:\ProgramData\Oracle\Java\javapath;C:\Program Files\Common Files\Oracle\Java\javapath;C:\Program Files (x86)\Common Files\Oracle\Java\javapath;C:\Windows\system32;C:\Windows;C:\Windows\System32\Wbem;C:\Windows\System32\WindowsPowerShell\v1.0\;C:\Windows\System32\OpenSSH\;C:\Program Files (x86)\NVIDIA Corporation\PhysX\Common;C:\Program Files\NVIDIA Corporation\NVIDIA NvDLISR;C:\Program Files\Java\jdk-17.0.1\bin;C:\Program Files\Git\cmd;C:\flutter_windows_2.5.3-stable\bin;;C:\WINDOWS\system32;C:\WINDOWS;C:\WINDOWS\System32\Wbem;C:\WINDOWS\System32\WindowsPowerShell\v1.0\;C:\WINDOWS\System32\OpenSSH\;C:\TDM-GCC-64\bin;C:\Users\ma\AppData\Local\Programs\Python\Python310\Scripts\;C:\Users\ma\AppData\Local\Programs\Python\Python310\;C:\Program Files\Common Files\Oracle\Java\javapath;C:\Windows\system32;C:\Windows;C:\Windows\System32\Wbem;C:\Windows\System32\WindowsPowerShell\v1.0\;C:\Windows\System32\OpenSSH\;C:\Program Files (x86)\NVIDIA Corporation\PhysX\Common;C:\Program Files\NVIDIA Corporation\NVIDIA NvDLISR;C:\Program Files\Java\jdk-17.0.1\bin;C:\Program Files\Git\cmd;C:\flutter_windows_2.5.3-stable\bin;C:\WINDOWS\system32;C:\WINDOWS;C:\WINDOWS\System32\Wbem;C:\WINDOWS\System32\WindowsPowerShell\v1.0\;C:\WINDOWS\System32\OpenSSH\;C:\Users\ma\AppData\Local\Microsoft\WindowsApps;C:\Users\ma\AppData\Local\Programs\Microsoft VS Code\bin;C:\flutter_windows_2.5.3-stable\bin;C:\Python34\Scripts;C:\Program Files\MongoDB\Server\5.0\bin;;C:\WINDOWS\System32;
USERNAME=ma
OS=Windows_NT
PROCESSOR_IDENTIFIER=Intel64 Family 6 Model 165 Stepping 2, GenuineIntel



---------------  S Y S T E M  ---------------

OS:
 Windows 10 , 64 bit Build 22000 (10.0.22000.434)
OS uptime: 2 days 10:51 hours
Hyper-V role detected

CPU: total 8 (initial active 8) (4 cores per cpu, 2 threads per core) family 6 model 165 stepping 2 microcode 0xe0, cx8, cmov, fxsr, ht, mmx, 3dnowpref, sse, sse2, sse3, ssse3, sse4.1, sse4.2, popcnt, lzcnt, tsc, tscinvbit, avx, avx2, aes, erms, clmul, bmi1, bmi2, adx, fma, vzeroupper, clflush, clflushopt, hv

Memory: 4k page, system-wide physical 8029M (284M free)
TotalPageFile size 32605M (AvailPageFile size 4M)
current process WorkingSet (physical memory assigned to process): 135M, peak: 135M
current process commit charge ("private bytes"): 276M, peak: 276M

vm_info: OpenJDK 64-Bit Server VM (17.0.1+12) for windows-amd64 JRE (17.0.1+12), built on Oct 20 2021 07:42:55 by "" with MS VC++ 16.7 (VS2019)

END.
